[  +23 ms] executing: uname -m
[   +6 ms] Exit code 0 from: uname -m
[        ] x86_64
[   +7 ms] Artifact Instance of 'MaterialFonts' is not required, skipping update.
[        ] Artifact Instance of 'GradleWrapper' is not required, skipping update.
[        ] Artifact Instance of 'AndroidGenSnapshotArtifacts' is not required, skipping update.
[        ] Artifact Instance of 'AndroidInternalBuildArtifacts' is not required, skipping update.
[        ] Artifact Instance of 'IOSEngineArtifacts' is not required, skipping update.
[        ] Artifact Instance of 'FlutterWebSdk' is not required, skipping update.
[        ] Artifact Instance of 'LegacyCanvasKitRemover' is not required, skipping update.
[        ] Artifact Instance of 'FlutterSdk' is not required, skipping update.
[        ] Artifact Instance of 'WindowsEngineArtifacts' is not required, skipping update.
[        ] Artifact Instance of 'MacOSEngineArtifacts' is not required, skipping update.
[        ] Artifact Instance of 'LinuxEngineArtifacts' is not required, skipping update.
[        ] Artifact Instance of 'LinuxFuchsiaSDKArtifacts' is not required, skipping update.
[        ] Artifact Instance of 'MacOSFuchsiaSDKArtifacts' is not required, skipping update.
[        ] Artifact Instance of 'FlutterRunnerSDKArtifacts' is not required, skipping update.
[        ] Artifact Instance of 'FlutterRunnerDebugSymbols' is not required, skipping update.
[        ] Artifact Instance of 'IosUsbArtifacts' is not required, skipping update.
[        ] Artifact Instance of 'IosUsbArtifacts' is not required, skipping update.
[        ] Artifact Instance of 'IosUsbArtifacts' is not required, skipping update.
[        ] Artifact Instance of 'IosUsbArtifacts' is not required, skipping update.
[        ] Artifact Instance of 'IosUsbArtifacts' is not required, skipping update.
[        ] Artifact Instance of 'IosUsbArtifacts' is not required, skipping update.
[        ] Artifact Instance of 'FontSubsetArtifacts' is not required, skipping update.
[        ] Artifact Instance of 'PubDependencies' is not required, skipping update.
[  +19 ms] Artifact Instance of 'AndroidGenSnapshotArtifacts' is not required, skipping update.
[        ] Artifact Instance of 'AndroidInternalBuildArtifacts' is not required, skipping update.
[        ] Artifact Instance of 'IOSEngineArtifacts' is not required, skipping update.
[        ] Artifact Instance of 'FlutterWebSdk' is not required, skipping update.
[        ] Artifact Instance of 'FlutterEngineStamp' is not required, skipping update.
[        ] Artifact Instance of 'LegacyCanvasKitRemover' is not required, skipping update.
[   +1 ms] Artifact Instance of 'WindowsEngineArtifacts' is not required, skipping update.
[        ] Artifact Instance of 'MacOSEngineArtifacts' is not required, skipping update.
[        ] Artifact Instance of 'LinuxEngineArtifacts' is not required, skipping update.
[        ] Artifact Instance of 'LinuxFuchsiaSDKArtifacts' is not required, skipping update.
[        ] Artifact Instance of 'MacOSFuchsiaSDKArtifacts' is not required, skipping update.
[        ] Artifact Instance of 'FlutterRunnerSDKArtifacts' is not required, skipping update.
[        ] Artifact Instance of 'FlutterRunnerDebugSymbols' is not required, skipping update.
[  +29 ms] Artifact Instance of 'MaterialFonts' is not required, skipping update.
[        ] Artifact Instance of 'GradleWrapper' is not required, skipping update.
[   +1 ms] Artifact Instance of 'AndroidInternalBuildArtifacts' is not required, skipping update.
[        ] Artifact Instance of 'IOSEngineArtifacts' is not required, skipping update.
[        ] Artifact Instance of 'FlutterWebSdk' is not required, skipping update.
[        ] Artifact Instance of 'FlutterEngineStamp' is not required, skipping update.
[        ] Artifact Instance of 'LegacyCanvasKitRemover' is not required, skipping update.
[        ] Artifact Instance of 'FlutterSdk' is not required, skipping update.
[        ] Artifact Instance of 'WindowsEngineArtifacts' is not required, skipping update.
[        ] Artifact Instance of 'MacOSEngineArtifacts' is not required, skipping update.
[        ] Artifact Instance of 'LinuxEngineArtifacts' is not required, skipping update.
[        ] Artifact Instance of 'LinuxFuchsiaSDKArtifacts' is not required, skipping update.
[        ] Artifact Instance of 'MacOSFuchsiaSDKArtifacts' is not required, skipping update.
[        ] Artifact Instance of 'FlutterRunnerSDKArtifacts' is not required, skipping update.
[        ] Artifact Instance of 'FlutterRunnerDebugSymbols' is not required, skipping update.
[        ] Artifact Instance of 'IosUsbArtifacts' is not required, skipping update.
[        ] Artifact Instance of 'IosUsbArtifacts' is not required, skipping update.
[        ] Artifact Instance of 'IosUsbArtifacts' is not required, skipping update.
[        ] Artifact Instance of 'IosUsbArtifacts' is not required, skipping update.
[        ] Artifact Instance of 'IosUsbArtifacts' is not required, skipping update.
[        ] Artifact Instance of 'IosUsbArtifacts' is not required, skipping update.
[        ] Artifact Instance of 'FontSubsetArtifacts' is not required, skipping update.
[        ] Artifact Instance of 'PubDependencies' is not required, skipping update.
[  +90 ms] Skipping pub get: version match.
[  +58 ms] Found plugin sqflite at /home/user/.pub-cache/hosted/pub.dev/sqflite-2.4.2/
[  +10 ms] Found plugin sqflite_darwin at /home/user/.pub-cache/hosted/pub.dev/sqflite_darwin-2.4.2/
[   +5 ms] Found plugin sqflite_android at /home/user/.pub-cache/hosted/pub.dev/sqflite_android-2.4.1/
[   +2 ms] Found plugin shared_preferences at /home/user/.pub-cache/hosted/pub.dev/shared_preferences-2.5.3/
[   +2 ms] Found plugin shared_preferences_windows at /home/user/.pub-cache/hosted/pub.dev/shared_preferences_windows-2.4.1/
[   +8 ms] Found plugin path_provider_windows at /home/user/.pub-cache/hosted/pub.dev/path_provider_windows-2.3.0/
[   +5 ms] Found plugin shared_preferences_web at /home/user/.pub-cache/hosted/pub.dev/shared_preferences_web-2.4.3/
[   +4 ms] Found plugin shared_preferences_linux at /home/user/.pub-cache/hosted/pub.dev/shared_preferences_linux-2.4.1/
[   +2 ms] Found plugin path_provider_linux at /home/user/.pub-cache/hosted/pub.dev/path_provider_linux-2.2.1/
[   +2 ms] Found plugin shared_preferences_foundation at /home/user/.pub-cache/hosted/pub.dev/shared_preferences_foundation-2.5.4/
[   +2 ms] Found plugin shared_preferences_android at /home/user/.pub-cache/hosted/pub.dev/shared_preferences_android-2.4.11/
[   +5 ms] Found plugin path_provider at /home/user/.pub-cache/hosted/pub.dev/path_provider-2.1.5/
[   +2 ms] Found plugin path_provider_foundation at /home/user/.pub-cache/hosted/pub.dev/path_provider_foundation-2.4.2/
[   +1 ms] Found plugin path_provider_android at /home/user/.pub-cache/hosted/pub.dev/path_provider_android-2.2.17/
[  +50 ms] Found plugin sqflite at /home/user/.pub-cache/hosted/pub.dev/sqflite-2.4.2/
[   +5 ms] Found plugin sqflite_darwin at /home/user/.pub-cache/hosted/pub.dev/sqflite_darwin-2.4.2/
[   +1 ms] Found plugin sqflite_android at /home/user/.pub-cache/hosted/pub.dev/sqflite_android-2.4.1/
[   +1 ms] Found plugin shared_preferences at /home/user/.pub-cache/hosted/pub.dev/shared_preferences-2.5.3/
[   +1 ms] Found plugin shared_preferences_windows at /home/user/.pub-cache/hosted/pub.dev/shared_preferences_windows-2.4.1/
[   +1 ms] Found plugin path_provider_windows at /home/user/.pub-cache/hosted/pub.dev/path_provider_windows-2.3.0/
[   +3 ms] Found plugin shared_preferences_web at /home/user/.pub-cache/hosted/pub.dev/shared_preferences_web-2.4.3/
[   +2 ms] Found plugin shared_preferences_linux at /home/user/.pub-cache/hosted/pub.dev/shared_preferences_linux-2.4.1/
[   +1 ms] Found plugin path_provider_linux at /home/user/.pub-cache/hosted/pub.dev/path_provider_linux-2.2.1/
[   +2 ms] Found plugin shared_preferences_foundation at /home/user/.pub-cache/hosted/pub.dev/shared_preferences_foundation-2.5.4/
[   +1 ms] Found plugin shared_preferences_android at /home/user/.pub-cache/hosted/pub.dev/shared_preferences_android-2.4.11/
[   +3 ms] Found plugin path_provider at /home/user/.pub-cache/hosted/pub.dev/path_provider-2.1.5/
[   +1 ms] Found plugin path_provider_foundation at /home/user/.pub-cache/hosted/pub.dev/path_provider_foundation-2.4.2/
[   +1 ms] Found plugin path_provider_android at /home/user/.pub-cache/hosted/pub.dev/path_provider_android-2.2.17/
[  +17 ms] Skipping generating web_plugin_registrant.dart because it is up-to-date.
[  +20 ms] Found plugin sqflite at /home/user/.pub-cache/hosted/pub.dev/sqflite-2.4.2/
[   +4 ms] Found plugin sqflite_darwin at /home/user/.pub-cache/hosted/pub.dev/sqflite_darwin-2.4.2/
[   +1 ms] Found plugin sqflite_android at /home/user/.pub-cache/hosted/pub.dev/sqflite_android-2.4.1/
[   +1 ms] Found plugin shared_preferences at /home/user/.pub-cache/hosted/pub.dev/shared_preferences-2.5.3/
[   +1 ms] Found plugin shared_preferences_windows at /home/user/.pub-cache/hosted/pub.dev/shared_preferences_windows-2.4.1/
[   +2 ms] Found plugin path_provider_windows at /home/user/.pub-cache/hosted/pub.dev/path_provider_windows-2.3.0/
[   +2 ms] Found plugin shared_preferences_web at /home/user/.pub-cache/hosted/pub.dev/shared_preferences_web-2.4.3/
[   +1 ms] Found plugin shared_preferences_linux at /home/user/.pub-cache/hosted/pub.dev/shared_preferences_linux-2.4.1/
[   +1 ms] Found plugin path_provider_linux at /home/user/.pub-cache/hosted/pub.dev/path_provider_linux-2.2.1/
[   +1 ms] Found plugin shared_preferences_foundation at /home/user/.pub-cache/hosted/pub.dev/shared_preferences_foundation-2.5.4/
[        ] Found plugin shared_preferences_android at /home/user/.pub-cache/hosted/pub.dev/shared_preferences_android-2.4.11/
[   +2 ms] Found plugin path_provider at /home/user/.pub-cache/hosted/pub.dev/path_provider-2.1.5/
[        ] Found plugin path_provider_foundation at /home/user/.pub-cache/hosted/pub.dev/path_provider_foundation-2.4.2/
[   +1 ms] Found plugin path_provider_android at /home/user/.pub-cache/hosted/pub.dev/path_provider_android-2.2.17/
[   +8 ms] Generating /home/user/myapp/android/app/src/main/java/io/flutter/plugins/GeneratedPluginRegistrant.java
[   +1 ms] Skipping generating GeneratedPluginRegistrant.java because it is up-to-date.
[   +2 ms] Skipping generating GeneratedPluginRegistrant.h because it is up-to-date.
[   +1 ms] Skipping generating GeneratedPluginRegistrant.m because it is up-to-date.
[  +80 ms] Top-level Gradle build file not found, skipping migration of task "clean".
[        ] Android Studio version could not be detected, skipping Gradle-Java version compatibility check.
[  +19 ms] CMake project not found, skipping support Android 15 16k page size migration.
[   +3 ms] Using gradle from /home/user/myapp/android/gradlew.
[  +56 ms] LocalFile: '/home/user/myapp/android/build.gradle.kts' doesn't provide an AGP version. Checking settings.
[   +8 ms] LocalFile: '/home/user/myapp/android/settings.gradle.kts' provides AGP version: 8.7.3
[  +20 ms] Running Gradle task 'assembleDebug'...
[   +2 ms] executing: [/home/user/myapp/android/] /home/user/myapp/android/gradlew --full-stacktrace --info -Pverbose=true -Ptarget-platform=android-arm,android-arm64,android-x64 -Ptarget=lib/main.dart -Pbase-application-name=android.app.Application -Pdart-defines=RkxVVFRFUl9WRVJTSU9OPTMuMzUuMg==,RkxVVFRFUl9DSEFOTkVMPXN0YWJsZQ==,RkxVVFRFUl9HSVRfVVJMPWh0dHBzOi8vZ2l0aHViLmNvbS9mbHV0dGVyL2ZsdXR0ZXIuZ2l0,RkxVVFRFUl9GUkFNRVdPUktfUkVWSVNJT049MDVkYjk2ODkwOA==,RkxVVFRFUl9FTkdJTkVfUkVWSVNJT049YThiZmRmYzM5NA==,RkxVVFRFUl9EQVJUX1ZFUlNJT049My45LjA= -Pdart-obfuscation=false -Ptrack-widget-creation=true -Ptree-shake-icons=false assembleDebug
[ +456 ms] Initialized native services in: /home/user/.gradle/native
[        ] Initialized jansi services in: /home/user/.gradle/native
[ +205 ms] Found daemon DaemonInfo{pid=713, address=[18ba9698-d059-42e0-9b83-5a501a37068a port:36939, addresses:[/127.0.0.1]], state=Idle, lastBusy=1755188516232, context=DefaultDaemonContext[uid=55e3d211-f094-4144-894c-1d908d29ce5f,javaHome=/nix/store/x0a3pj8nmg4ijssmi8wyyd30v4fhycp7-openjdk-17.0.15+6/lib/openjdk,javaVersion=17,javaVendor=N/A,daemonRegistryDir=/home/user/.gradle/daemon,pid=713,idleTimeout=10800000,priority=NORMAL,applyInstrumentationAgent=true,nativeServicesMode=ENABLED,daemonOpts=-XX:MaxMetaspaceSize=4G,-XX:ReservedCodeCacheSize=512m,-XX:+HeapDumpOnOutOfMemoryError,-Xmx8G,-Dfile.encoding=US-ASCII,-Duser.country=US,-Duser.language=en,-Duser.variant]} however its context does not match the desired criteria.
[        ] JVM is incompatible.
[        ] Wanted: DaemonRequestContext{jvmCriteria=/nix/store/vpdmpgah6rzaja7d3c8va1yfdks75bqq-openjdk-21.0.3+9/lib/openjdk (no JDK specified, using current Java home), daemonOpts=[-XX:MaxMetaspaceSize=4G, -XX:ReservedCodeCacheSize=512m, -XX:+HeapDumpOnOutOfMemoryError, -Xmx8G, -Dfile.encoding=UTF-8, -Duser.country=US, -Duser.language=en, -Duser.variant], applyInstrumentationAgent=true, nativeServicesMode=ENABLED, priority=NORMAL}
[        ] Actual: DefaultDaemonContext[uid=55e3d211-f094-4144-894c-1d908d29ce5f,javaHome=/nix/store/x0a3pj8nmg4ijssmi8wyyd30v4fhycp7-openjdk-17.0.15+6/lib/openjdk,javaVersion=17,javaVendor=N/A,daemonRegistryDir=/home/user/.gradle/daemon,pid=713,idleTimeout=10800000,priority=NORMAL,applyInstrumentationAgent=true,nativeServicesMode=ENABLED,daemonOpts=-XX:MaxMetaspaceSize=4G,-XX:ReservedCodeCacheSize=512m,-XX:+HeapDumpOnOutOfMemoryError,-Xmx8G,-Dfile.encoding=US-ASCII,-Duser.country=US,-Duser.language=en,-Duser.variant]
[   +1 ms]   Looking for a different daemon...
[  +92 ms] The client will now receive all logging from the daemon (pid: 1994). The daemon log file: /home/user/.gradle/daemon/8.12/daemon-1994.out.log
[        ] Starting 20th build in daemon [uptime: 3 hrs 3 mins 33.219 secs, performance: 100%, GC rate: 0.00/s, heap usage: 0% of 8 GiB, non-heap usage: 3% of 4 GiB]
[        ] Using 8 worker leases.
[        ] Not watching /home/user/myapp/android since the file system is not supported
[   +2 ms] Watching the file system is configured to be enabled if available
[        ] File system watching is active
[        ] Starting Build
[   +1 ms] Not watching /home/user/flutter/packages/flutter_tools/gradle since the file system is not supported
[        ] Using local directory build cache for build ':gradle' (location = /home/user/.gradle/caches/build-cache-1, remove unused entries = after 7 days).
[   +2 ms] > Configure project :gradle
[   +1 ms] Evaluating project ':gradle' using build file '/home/user/flutter/packages/flutter_tools/gradle/build.gradle.kts'.
[        ] Resolved plugin [id: 'org.gradle.java-gradle-plugin']
[        ] Resolved plugin [id: 'org.gradle.groovy']
[        ] Resolved plugin [id: 'org.gradle.kotlin.kotlin-dsl', version: '5.1.2']
[        ] Resolved plugin [id: 'org.jetbrains.kotlin.jvm', version: '1.9.20']
[        ] Using Kotlin Gradle Plugin gradle85 variant
[        ] kotlin scripting plugin: created the scripting discovery configuration: kotlinScriptDef
[        ] kotlin scripting plugin: created the scripting discovery configuration: testKotlinScriptDef
[        ] file or directory '/home/user/flutter/packages/flutter_tools/gradle/src/main/java', not found
[        ] Resolved plugin [id: 'dev.flutter.flutter-plugin-loader', version: '1.0.0']
[        ] Resolved plugin [id: 'com.android.application', version: '8.7.3', apply: false]
[        ] Resolved plugin [id: 'org.jetbrains.kotlin.android', version: '2.1.0', apply: false]
[        ] Resolve mutations for :gradle:checkKotlinGradlePluginConfigurationErrors (Thread[#2439,Execution worker,5,main]) started.
[        ] :gradle:checkKotlinGradlePluginConfigurationErrors (Thread[#2442,Execution worker Thread 4,5,main]) started.
[  +85 ms] > Task :gradle:checkKotlinGradlePluginConfigurationErrors SKIPPED
[        ] Skipping task ':gradle:checkKotlinGradlePluginConfigurationErrors' as task onlyIf 'errorDiagnostics are present' is false.
[        ] Resolve mutations for :gradle:compileKotlin (Thread[#2442,Execution worker Thread 4,5,main]) started.
[        ] :gradle:compileKotlin (Thread[#2442,Execution worker Thread 4,5,main]) started.
[        ] > Task :gradle:compileKotlin UP-TO-DATE
[        ] Build cache key for task ':gradle:compileKotlin' is cb76b7115cca495582a4849fa192a13a
[        ] Skipping task ':gradle:compileKotlin' as it is up-to-date.
[        ] Resolve mutations for :gradle:compileJava (Thread[#2442,Execution worker Thread 4,5,main]) started.
[        ] :gradle:compileJava (Thread[#2442,Execution worker Thread 4,5,main]) started.
[        ] > Task :gradle:compileJava NO-SOURCE
[        ] Skipping task ':gradle:compileJava' as it has no source files and no previous output files.
[        ] Resolve mutations for :gradle:compileGroovy (Thread[#2442,Execution worker Thread 4,5,main]) started.
[        ] :gradle:compileGroovy (Thread[#2442,Execution worker Thread 4,5,main]) started.
[        ] > Task :gradle:compileGroovy NO-SOURCE
[        ] Skipping task ':gradle:compileGroovy' as it has no source files and no previous output files.
[        ] Resolve mutations for :gradle:pluginDescriptors (Thread[#2442,Execution worker Thread 4,5,main]) started.
[        ] :gradle:pluginDescriptors (Thread[#2442,Execution worker Thread 4,5,main]) started.
[        ] > Task :gradle:pluginDescriptors UP-TO-DATE
[        ] Caching disabled for task ':gradle:pluginDescriptors' because:
[        ]   Not worth caching
[        ] Skipping task ':gradle:pluginDescriptors' as it is up-to-date.
[        ] Resolve mutations for :gradle:processResources (Thread[#2442,Execution worker Thread 4,5,main]) started.
[        ] :gradle:processResources (Thread[#2442,Execution worker Thread 4,5,main]) started.
[        ] > Task :gradle:processResources UP-TO-DATE
[        ] Caching disabled for task ':gradle:processResources' because:
[        ]   Not worth caching
[        ] Skipping task ':gradle:processResources' as it is up-to-date.
[        ] Resolve mutations for :gradle:classes (Thread[#2442,Execution worker Thread 4,5,main]) started.
[        ] :gradle:classes (Thread[#2442,Execution worker Thread 4,5,main]) started.
[        ] > Task :gradle:classes UP-TO-DATE
[        ] Skipping task ':gradle:classes' as it has no actions.
[        ] Resolve mutations for :gradle:jar (Thread[#2442,Execution worker Thread 4,5,main]) started.
[        ] :gradle:jar (Thread[#2442,Execution worker Thread 4,5,main]) started.
[        ] > Task :gradle:jar UP-TO-DATE
[        ] Caching disabled for task ':gradle:jar' because:
[        ]   Not worth caching
[        ] Skipping task ':gradle:jar' as it is up-to-date.
[        ] Settings evaluated using settings file '/home/user/myapp/android/settings.gradle.kts'.
[  +93 ms] Using local directory build cache for the root build (location = /home/user/.gradle/caches/build-cache-1, remove unused entries = after 7 days).
[        ] Projects loaded. Root project using build file '/home/user/myapp/android/build.gradle.kts'.
[   +1 ms] Included projects: [root project 'android', project ':app', project ':path_provider_android', project ':shared_preferences_android', project ':sqflite_android']
[  +98 ms] > Configure project :app
[        ] Evaluating project ':app' using build file '/home/user/myapp/android/app/build.gradle.kts'.
[        ] Resolved plugin [id: 'com.android.application']
[        ] Resolved plugin [id: 'kotlin-android']
[        ] Resolved plugin [id: 'dev.flutter.flutter-gradle-plugin']
[        ] Using default execution profile
[        ] Using Kotlin Gradle Plugin gradle85 variant
[        ] C/C++: android.ndkVersion from module build.gradle is [27.0.12077973]
[        ] C/C++: android.ndkPath from module build.gradle is not set
[        ] C/C++: ndk.dir in local.properties is not set
[        ] C/C++: Not considering ANDROID_NDK_HOME because support was removed after deprecation period.
[        ] C/C++: sdkFolder is /home/user/.androidsdkroot
[        ] C/C++: android.ndkVersion from module build.gradle is [27.0.12077973]
[        ] C/C++: android.ndkPath from module build.gradle is not set
[        ] C/C++: ndk.dir in local.properties is not set
[        ] C/C++: Not considering ANDROID_NDK_HOME because support was removed after deprecation period.
[   +1 ms] C/C++: sdkFolder is /home/user/.androidsdkroot
[        ] C/C++: android.ndkVersion from module build.gradle is [27.0.12077973]
[        ] C/C++: android.ndkPath from module build.gradle is not set
[        ] C/C++: ndk.dir in local.properties is not set
[        ] C/C++: Not considering ANDROID_NDK_HOME because support was removed after deprecation period.
[        ] C/C++: sdkFolder is /home/user/.androidsdkroot
[        ] C/C++: android.ndkVersion from module build.gradle is [27.0.12077973]
[        ] C/C++: android.ndkPath from module build.gradle is not set
[        ] C/C++: ndk.dir in local.properties is not set
[        ] C/C++: Not considering ANDROID_NDK_HOME because support was removed after deprecation period.
[        ] C/C++: sdkFolder is /home/user/.androidsdkroot
[        ] C/C++: android.ndkVersion from module build.gradle is [27.0.12077973]
[        ] C/C++: android.ndkPath from module build.gradle is not set
[        ] C/C++: ndk.dir in local.properties is not set
[        ] C/C++: Not considering ANDROID_NDK_HOME because support was removed after deprecation period.
[        ] C/C++: sdkFolder is /home/user/.androidsdkroot
[        ] C/C++: android.ndkVersion from module build.gradle is [27.0.12077973]
[        ] C/C++: android.ndkPath from module build.gradle is not set
[        ] C/C++: ndk.dir in local.properties is not set
[        ] C/C++: Not considering ANDROID_NDK_HOME because support was removed after deprecation period.
[        ] C/C++: sdkFolder is /home/user/.androidsdkroot
[        ] C/C++: android.ndkVersion from module build.gradle is [27.0.12077973]
[        ] C/C++: android.ndkPath from module build.gradle is not set
[        ] C/C++: ndk.dir in local.properties is not set
[        ] C/C++: Not considering ANDROID_NDK_HOME because support was removed after deprecation period.
[        ] C/C++: sdkFolder is /home/user/.androidsdkroot
[        ] C/C++: android.ndkVersion from module build.gradle is [27.0.12077973]
[        ] C/C++: android.ndkPath from module build.gradle is not set
[        ] C/C++: ndk.dir in local.properties is not set
[        ] C/C++: Not considering ANDROID_NDK_HOME because support was removed after deprecation period.
[        ] C/C++: sdkFolder is /home/user/.androidsdkroot
[        ] C/C++: android.ndkVersion from module build.gradle is [27.0.12077973]
[        ] C/C++: android.ndkPath from module build.gradle is not set
[        ] C/C++: ndk.dir in local.properties is not set
[        ] C/C++: Not considering ANDROID_NDK_HOME because support was removed after deprecation period.
[        ] C/C++: sdkFolder is /home/user/.androidsdkroot
[        ] C/C++: android.ndkVersion from module build.gradle is [27.0.12077973]
[        ] C/C++: android.ndkPath from module build.gradle is not set
[        ] C/C++: ndk.dir in local.properties is not set
[        ] C/C++: Not considering ANDROID_NDK_HOME because support was removed after deprecation period.
[        ] C/C++: sdkFolder is /home/user/.androidsdkroot
[        ] C/C++: android.ndkVersion from module build.gradle is [27.0.12077973]
[        ] C/C++: android.ndkPath from module build.gradle is not set
[        ] C/C++: ndk.dir in local.properties is not set
[        ] C/C++: Not considering ANDROID_NDK_HOME because support was removed after deprecation period.
[        ] C/C++: sdkFolder is /home/user/.androidsdkroot
[        ] C/C++: android.ndkVersion from module build.gradle is [27.0.12077973]
[        ] C/C++: android.ndkPath from module build.gradle is not set
[        ] C/C++: ndk.dir in local.properties is not set
[        ] C/C++: Not considering ANDROID_NDK_HOME because support was removed after deprecation period.
[        ] C/C++: sdkFolder is /home/user/.androidsdkroot
[        ] C/C++: android.ndkVersion from module build.gradle is [27.0.12077973]
[        ] C/C++: android.ndkPath from module build.gradle is not set
[        ] C/C++: ndk.dir in local.properties is not set
[        ] C/C++: Not considering ANDROID_NDK_HOME because support was removed after deprecation period.
[        ] C/C++: sdkFolder is /home/user/.androidsdkroot
[        ] C/C++: android.ndkVersion from module build.gradle is [27.0.12077973]
[        ] C/C++: android.ndkPath from module build.gradle is not set
[        ] C/C++: ndk.dir in local.properties is not set
[        ] C/C++: Not considering ANDROID_NDK_HOME because support was removed after deprecation period.
[        ] C/C++: sdkFolder is /home/user/.androidsdkroot
[        ] C/C++: android.ndkVersion from module build.gradle is [27.0.12077973]
[        ] C/C++: android.ndkPath from module build.gradle is not set
[        ] C/C++: ndk.dir in local.properties is not set
[        ] C/C++: Not considering ANDROID_NDK_HOME because support was removed after deprecation period.
[        ] C/C++: sdkFolder is /home/user/.androidsdkroot
[        ] C/C++: android.ndkVersion from module build.gradle is [27.0.12077973]
[        ] C/C++: android.ndkPath from module build.gradle is not set
[        ] C/C++: ndk.dir in local.properties is not set
[        ] C/C++: Not considering ANDROID_NDK_HOME because support was removed after deprecation period.
[        ] C/C++: sdkFolder is /home/user/.androidsdkroot
[        ] C/C++: android.ndkVersion from module build.gradle is [27.0.12077973]
[        ] C/C++: android.ndkPath from module build.gradle is not set
[        ] C/C++: ndk.dir in local.properties is not set
[        ] C/C++: Not considering ANDROID_NDK_HOME because support was removed after deprecation period.
[        ] C/C++: sdkFolder is /home/user/.androidsdkroot
[        ] C/C++: android.ndkVersion from module build.gradle is [27.0.12077973]
[        ] C/C++: android.ndkPath from module build.gradle is not set
[        ] C/C++: ndk.dir in local.properties is not set
[        ] C/C++: Not considering ANDROID_NDK_HOME because support was removed after deprecation period.
[        ] C/C++: sdkFolder is /home/user/.androidsdkroot
[        ] C/C++: android.ndkVersion from module build.gradle is [27.0.12077973]
[        ] C/C++: android.ndkPath from module build.gradle is not set
[        ] C/C++: ndk.dir in local.properties is not set
[        ] C/C++: Not considering ANDROID_NDK_HOME because support was removed after deprecation period.
[        ] C/C++: sdkFolder is /home/user/.androidsdkroot
[        ] > Configure project :
[        ] Evaluating root project 'android' using build file '/home/user/myapp/android/build.gradle.kts'.
[        ] > Configure project :path_provider_android
[        ] Evaluating project ':path_provider_android' using build file '/home/user/.pub-cache/hosted/pub.dev/path_provider_android-2.2.17/android/build.gradle'.
[        ] Using default execution profile
[  +84 ms] > Configure project :shared_preferences_android
[        ] Evaluating project ':shared_preferences_android' using build file '/home/user/.pub-cache/hosted/pub.dev/shared_preferences_android-2.4.11/android/build.gradle'.
[        ] Using default execution profile
[   +1 ms] Using Kotlin Gradle Plugin gradle85 variant
[        ] > Configure project :sqflite_android
[        ] Evaluating project ':sqflite_android' using build file '/home/user/.pub-cache/hosted/pub.dev/sqflite_android-2.4.1/android/build.gradle'.
[        ] Using default execution profile
[        ] All projects evaluated.
[  +97 ms] Task name matched 'assembleDebug'
[        ] Selected primary task 'assembleDebug' from project :
[        ] WARNING: We recommend using a newer Android Gradle plugin to use compileSdk = 36
[        ] This Android Gradle plugin (8.7.3) was tested up to compileSdk = 35.
[        ] You are strongly encouraged to update your project to use a newer
[        ] Android Gradle plugin that has been tested with compileSdk = 36.
[        ] If you are already using the latest version of the Android Gradle plugin,
[        ] you may need to wait until a newer version with support for compileSdk = 36 is available.
[        ] For more information refer to the compatibility table:
[        ] https://d.android.com/r/tools/api-level-support
[        ] To suppress this warning, add/update
[        ]     android.suppressUnsupportedCompileSdk=36
[        ] to this project's gradle.properties.
[   +1 ms] Tasks to be executed: [task ':app:DebugMinSdkCheck', task ':app:preBuild', task ':app:preDebugBuild', task ':app:mergeDebugNativeDebugMetadata', task ':app:checkKotlinGradlePluginConfigurationErrors', task ':app:compileFlutterBuildDebug', task ':app:packJniLibsflutterBuildDebug', task ':path_provider_android:preBuild', task ':path_provider_android:preDebugBuild', task ':path_provider_android:writeDebugAarMetadata', task ':shared_preferences_android:preBuild', task ':shared_preferences_android:preDebugBuild', task ':shared_preferences_android:writeDebugAarMetadata', task ':sqflite_android:preBuild', task ':sqflite_android:preDebugBuild', task ':sqflite_android:writeDebugAarMetadata', task ':app:checkDebugAarMetadata', task ':app:cleanMergeDebugAssets', task ':app:mergeDebugShaders', task ':app:compileDebugShaders', task ':app:generateDebugAssets', task ':path_provider_android:mergeDebugShaders', task ':path_provider_android:compileDebugShaders', task ':path_provider_android:generateDebugAssets', task ':path_provider_android:packageDebugAssets', task ':shared_preferences_android:mergeDebugShaders', task ':shared_preferences_android:compileDebugShaders', task ':shared_preferences_android:generateDebugAssets', task ':shared_preferences_android:packageDebugAssets', task ':sqflite_android:mergeDebugShaders', task ':sqflite_android:compileDebugShaders', task ':sqflite_android:generateDebugAssets', task ':sqflite_android:packageDebugAssets', task ':app:mergeDebugAssets', task ':app:copyFlutterAssetsDebug', task ':app:generateDebugResValues', task ':path_provider_android:generateDebugResValues', task ':path_provider_android:generateDebugResources', task ':path_provider_android:packageDebugResources', task ':shared_preferences_android:generateDebugResValues', task ':shared_preferences_android:generateDebugResources', task ':shared_preferences_android:packageDebugResources', task ':sqflite_android:generateDebugResValues', task ':sqflite_android:generateDebugResources', task ':sqflite_android:packageDebugResources', task ':app:mapDebugSourceSetPaths', task ':app:generateDebugResources', task ':app:mergeDebugResources', task ':app:packageDebugResources', task ':app:parseDebugLocalResources', task ':app:createDebugCompatibleScreenManifests', task ':app:extractDeepLinksDebug', task ':path_provider_android:extractDeepLinksDebug', task ':path_provider_android:processDebugManifest', task ':shared_preferences_android:extractDeepLinksDebug', task ':shared_preferences_android:processDebugManifest', task ':sqflite_android:extractDeepLinksDebug', task ':sqflite_android:processDebugManifest', task ':app:processDebugMainManifest', task ':app:processDebugManifest', task ':app:processDebugManifestForPackage', task ':path_provider_android:compileDebugLibraryResources', task ':path_provider_android:parseDebugLocalResources', task ':path_provider_android:generateDebugRFile', task ':shared_preferences_android:compileDebugLibraryResources', task ':shared_preferences_android:parseDebugLocalResources', task ':shared_preferences_android:generateDebugRFile', task ':sqflite_android:compileDebugLibraryResources', task ':sqflite_android:parseDebugLocalResources', task ':sqflite_android:generateDebugRFile', task ':app:processDebugResources', task ':path_provider_android:javaPreCompileDebug', task ':path_provider_android:compileDebugJavaWithJavac', task ':path_provider_android:bundleLibCompileToJarDebug', task ':shared_preferences_android:checkKotlinGradlePluginConfigurationErrors', task ':shared_preferences_android:compileDebugKotlin', task ':shared_preferences_android:javaPreCompileDebug', task ':shared_preferences_android:compileDebugJavaWithJavac', task ':shared_preferences_android:bundleLibCompileToJarDebug', task ':sqflite_android:javaPreCompileDebug', task ':sqflite_android:compileDebugJavaWithJavac', task ':sqflite_android:bundleLibCompileToJarDebug', task ':app:compileDebugKotlin', task ':app:javaPreCompileDebug', task ':app:compileDebugJavaWithJavac', task ':app:compressDebugAssets', task ':app:processDebugJavaRes', task ':path_provider_android:processDebugJavaRes', task ':shared_preferences_android:processDebugJavaRes', task ':sqflite_android:processDebugJavaRes', task ':app:mergeDebugJavaResource', task ':app:checkDebugDuplicateClasses', task ':app:desugarDebugFileDependencies', task ':app:mergeExtDexDebug', task ':path_provider_android:bundleLibRuntimeToDirDebug', task ':shared_preferences_android:bundleLibRuntimeToDirDebug', task ':sqflite_android:bundleLibRuntimeToDirDebug', task ':app:mergeLibDexDebug', task ':app:dexBuilderDebug', task ':app:mergeProjectDexDebug', task ':app:configureCMakeDebug[arm64-v8a]', task ':app:buildCMakeDebug[arm64-v8a]', task ':app:configureCMakeDebug[armeabi-v7a]', task ':app:buildCMakeDebug[armeabi-v7a]', task ':app:configureCMakeDebug[x86_64]', task ':app:buildCMakeDebug[x86_64]', task ':app:mergeDebugJniLibFolders', task ':path_provider_android:mergeDebugJniLibFolders', task ':path_provider_android:mergeDebugNativeLibs', task ':path_provider_android:copyDebugJniLibsProjectOnly', task ':shared_preferences_android:mergeDebugJniLibFolders', task ':shared_preferences_android:mergeDebugNativeLibs', task ':shared_preferences_android:copyDebugJniLibsProjectOnly', task ':sqflite_android:mergeDebugJniLibFolders', task ':sqflite_android:mergeDebugNativeLibs', task ':sqflite_android:copyDebugJniLibsProjectOnly', task ':app:mergeDebugNativeLibs', task ':app:stripDebugDebugSymbols', task ':app:validateSigningDebug', task ':app:writeDebugAppMetadata', task ':app:writeDebugSigningConfigVersions', task ':app:packageDebug', task ':app:createDebugApkListingFileRedirect', task ':app:assembleDebug', task ':path_provider_android:stripDebugDebugSymbols', task ':path_provider_android:copyDebugJniLibsProjectAndLocalJars', task ':path_provider_android:extractDebugAnnotations', task ':path_provider_android:extractDeepLinksForAarDebug', task ':path_provider_android:mergeDebugGeneratedProguardFiles', task ':path_provider_android:mergeDebugConsumerProguardFiles', task ':path_provider_android:prepareDebugArtProfile', task ':path_provider_android:prepareLintJarForPublish', task ':path_provider_android:mergeDebugJavaResource', task ':path_provider_android:syncDebugLibJars', task ':path_provider_android:bundleDebugAar', task ':path_provider_android:assembleDebug', task ':shared_preferences_android:stripDebugDebugSymbols', task ':shared_preferences_android:copyDebugJniLibsProjectAndLocalJars', task ':shared_preferences_android:extractDebugAnnotations', task ':shared_preferences_android:extractDeepLinksForAarDebug', task ':shared_preferences_android:mergeDebugGeneratedProguardFiles', task ':shared_preferences_android:mergeDebugConsumerProguardFiles', task ':shared_preferences_android:prepareDebugArtProfile', task ':shared_preferences_android:prepareLintJarForPublish', task ':shared_preferences_android:mergeDebugJavaResource', task ':shared_preferences_android:syncDebugLibJars', task ':shared_preferences_android:bundleDebugAar', task ':shared_preferences_android:assembleDebug', task ':sqflite_android:stripDebugDebugSymbols', task ':sqflite_android:copyDebugJniLibsProjectAndLocalJars', task ':sqflite_android:extractDebugAnnotations', task ':sqflite_android:extractDeepLinksForAarDebug', task ':sqflite_android:mergeDebugGeneratedProguardFiles', task ':sqflite_android:mergeDebugConsumerProguardFiles', task ':sqflite_android:prepareDebugArtProfile', task ':sqflite_android:prepareLintJarForPublish', task ':sqflite_android:mergeDebugJavaResource', task ':sqflite_android:syncDebugLibJars', task ':sqflite_android:bundleDebugAar', task ':sqflite_android:assembleDebug']
[        ] Tasks that were excluded: []
[        ] work action Parameters of ClassesDirToClassesTransform (Thread[#2442,Execution worker Thread 4,5,main]) started.
[        ] work action Parameters of DexingNoClasspathTransform (Thread[#2442,Execution worker Thread 4,5,main]) started.
[        ] Resolve mutations for :app:DebugMinSdkCheck (Thread[#2442,Execution worker Thread 4,5,main]) started.
[        ] :app:DebugMinSdkCheck (Thread[#2442,Execution worker Thread 4,5,main]) started.
[        ] > Task :app:DebugMinSdkCheck
[        ] Custom actions are attached to task ':app:DebugMinSdkCheck'.
[        ] Caching disabled for task ':app:DebugMinSdkCheck' because:
[        ]   Gradle would require more information to cache this task
[        ] Task ':app:DebugMinSdkCheck' is not up-to-date because:
[        ]   Task has not declared any outputs despite executing actions.
[        ] Resolve mutations for :app:preBuild (Thread[#2442,Execution worker Thread 4,5,main]) started.
[        ] :app:preBuild (Thread[#2442,Execution worker Thread 4,5,main]) started.
[  +95 ms] > Task :app:preBuild UP-TO-DATE
[        ] Skipping task ':app:preBuild' as it has no actions.
[        ] Resolve mutations for :app:preDebugBuild (Thread[#2442,Execution worker Thread 4,5,main]) started.
[        ] :app:preDebugBuild (Thread[#2442,Execution worker Thread 4,5,main]) started.
[        ] > Task :app:preDebugBuild UP-TO-DATE
[        ] Skipping task ':app:preDebugBuild' as it has no actions.
[        ] Resolve mutations for :app:mergeDebugNativeDebugMetadata (Thread[#2442,Execution worker Thread 4,5,main]) started.
[        ] :app:mergeDebugNativeDebugMetadata (Thread[#2442,Execution worker Thread 4,5,main]) started.
[        ] > Task :app:mergeDebugNativeDebugMetadata NO-SOURCE
[        ] Skipping task ':app:mergeDebugNativeDebugMetadata' as it has no source files and no previous output files.
[        ] Resolve mutations for :app:checkKotlinGradlePluginConfigurationErrors (Thread[#2444,Execution worker Thread 6,5,main]) started.
[        ] :app:checkKotlinGradlePluginConfigurationErrors (Thread[#2444,Execution worker Thread 6,5,main]) started.
[        ] > Task :app:checkKotlinGradlePluginConfigurationErrors SKIPPED
[        ] Skipping task ':app:checkKotlinGradlePluginConfigurationErrors' as task onlyIf 'errorDiagnostics are present' is false.
[        ] Resolve mutations for :app:compileFlutterBuildDebug (Thread[#2444,Execution worker Thread 6,5,main]) started.
[        ] :app:compileFlutterBuildDebug (Thread[#2444,Execution worker Thread 6,5,main]) started.
[+1098 ms] > Task :app:compileFlutterBuildDebug
[        ] Caching disabled for task ':app:compileFlutterBuildDebug' because:
[        ]   Caching has not been enabled for the task
[        ] Task ':app:compileFlutterBuildDebug' is not up-to-date because:
[        ]   Output property 'outputFiles$1' has been added for task ':app:compileFlutterBuildDebug'
[        ]   Output property 'outputFiles$10' has been added for task ':app:compileFlutterBuildDebug'
[        ]   Output property 'outputFiles$11' has been added for task ':app:compileFlutterBuildDebug'
[        ]   and more...
[        ] Starting process 'command '/home/user/flutter/bin/flutter''. Working directory: /home/user/myapp Command: /home/user/flutter/bin/flutter --verbose assemble --no-version-check --depfile /home/user/myapp/build/app/intermediates/flutter/debug/flutter_build.d --output /home/user/myapp/build/app/intermediates/flutter/debug -dTargetFile=lib/main.dart -dTargetPlatform=android -dBuildMode=debug -dTrackWidgetCreation=true --DartDefines=RkxVVFRFUl9WRVJTSU9OPTMuMzUuMg==,RkxVVFRFUl9DSEFOTkVMPXN0YWJsZQ==,RkxVVFRFUl9HSVRfVVJMPWh0dHBzOi8vZ2l0aHViLmNvbS9mbHV0dGVyL2ZsdXR0ZXIuZ2l0,RkxVVFRFUl9GUkFNRVdPUktfUkVWSVNJT049MDVkYjk2ODkwOA==,RkxVVFRFUl9FTkdJTkVfUkVWSVNJT049YThiZmRmYzM5NA==,RkxVVFRFUl9EQVJUX1ZFUlNJT049My45LjA= -dFlavor= -dAndroidArchs=android-arm android-arm64 android-x64 -dMinSdkVersion=24 debug_android_application
[        ] Successfully started process 'command '/home/user/flutter/bin/flutter''
[        ] [  +22 ms] executing: uname -m
[        ] [   +5 ms] Exit code 0 from: uname -m
[        ] [        ] x86_64
[        ] [   +8 ms] Artifact Instance of 'MaterialFonts' is not required, skipping update.
[        ] [        ] Artifact Instance of 'GradleWrapper' is not required, skipping update.
[        ] [        ] Artifact Instance of 'AndroidGenSnapshotArtifacts' is not required, skipping update.
[        ] [        ] Artifact Instance of 'AndroidInternalBuildArtifacts' is not required, skipping update.
[        ] [        ] Artifact Instance of 'IOSEngineArtifacts' is not required, skipping update.
[        ] [        ] Artifact Instance of 'FlutterWebSdk' is not required, skipping update.
[        ] [        ] Artifact Instance of 'LegacyCanvasKitRemover' is not required, skipping update.
[        ] [        ] Artifact Instance of 'FlutterSdk' is not required, skipping update.
[        ] [        ] Artifact Instance of 'WindowsEngineArtifacts' is not required, skipping update.
[        ] [        ] Artifact Instance of 'MacOSEngineArtifacts' is not required, skipping update.
[        ] [        ] Artifact Instance of 'LinuxEngineArtifacts' is not required, skipping update.
[        ] [        ] Artifact Instance of 'LinuxFuchsiaSDKArtifacts' is not required, skipping update.
[        ] [        ] Artifact Instance of 'MacOSFuchsiaSDKArtifacts' is not required, skipping update.
[        ] [        ] Artifact Instance of 'FlutterRunnerSDKArtifacts' is not required, skipping update.
[        ] [        ] Artifact Instance of 'FlutterRunnerDebugSymbols' is not required, skipping update.
[        ] [        ] Artifact Instance of 'IosUsbArtifacts' is not required, skipping update.
[        ] [        ] Artifact Instance of 'IosUsbArtifacts' is not required, skipping update.
[        ] [        ] Artifact Instance of 'IosUsbArtifacts' is not required, skipping update.
[        ] [        ] Artifact Instance of 'IosUsbArtifacts' is not required, skipping update.
[        ] [        ] Artifact Instance of 'IosUsbArtifacts' is not required, skipping update.
[        ] [        ] Artifact Instance of 'IosUsbArtifacts' is not required, skipping update.
[        ] [        ] Artifact Instance of 'FontSubsetArtifacts' is not required, skipping update.
[        ] [        ] Artifact Instance of 'PubDependencies' is not required, skipping update.
[        ] [   +9 ms] Artifact Instance of 'AndroidGenSnapshotArtifacts' is not required, skipping update.
[        ] [        ] Artifact Instance of 'AndroidInternalBuildArtifacts' is not required, skipping update.
[        ] [        ] Artifact Instance of 'IOSEngineArtifacts' is not required, skipping update.
[        ] [        ] Artifact Instance of 'FlutterWebSdk' is not required, skipping update.
[        ] [        ] Artifact Instance of 'FlutterEngineStamp' is not required, skipping update.
[        ] [        ] Artifact Instance of 'LegacyCanvasKitRemover' is not required, skipping update.
[        ] [   +1 ms] Artifact Instance of 'WindowsEngineArtifacts' is not required, skipping update.
[        ] [        ] Artifact Instance of 'MacOSEngineArtifacts' is not required, skipping update.
[        ] [        ] Artifact Instance of 'LinuxEngineArtifacts' is not required, skipping update.
[        ] [        ] Artifact Instance of 'LinuxFuchsiaSDKArtifacts' is not required, skipping update.
[        ] [        ] Artifact Instance of 'MacOSFuchsiaSDKArtifacts' is not required, skipping update.
[        ] [        ] Artifact Instance of 'FlutterRunnerSDKArtifacts' is not required, skipping update.
[        ] [        ] Artifact Instance of 'FlutterRunnerDebugSymbols' is not required, skipping update.
[        ] [  +42 ms] Artifact Instance of 'MaterialFonts' is not required, skipping update.
[        ] [        ] Artifact Instance of 'GradleWrapper' is not required, skipping update.
[        ] [        ] Artifact Instance of 'AndroidInternalBuildArtifacts' is not required, skipping update.
[        ] [        ] Artifact Instance of 'IOSEngineArtifacts' is not required, skipping update.
[        ] [        ] Artifact Instance of 'FlutterWebSdk' is not required, skipping update.
[        ] [        ] Artifact Instance of 'FlutterEngineStamp' is not required, skipping update.
[        ] [        ] Artifact Instance of 'LegacyCanvasKitRemover' is not required, skipping update.
[        ] [        ] Artifact Instance of 'FlutterSdk' is not required, skipping update.
[        ] [        ] Artifact Instance of 'WindowsEngineArtifacts' is not required, skipping update.
[        ] [        ] Artifact Instance of 'MacOSEngineArtifacts' is not required, skipping update.
[        ] [        ] Artifact Instance of 'LinuxEngineArtifacts' is not required, skipping update.
[        ] [        ] Artifact Instance of 'LinuxFuchsiaSDKArtifacts' is not required, skipping update.
[        ] [        ] Artifact Instance of 'MacOSFuchsiaSDKArtifacts' is not required, skipping update.
[        ] [        ] Artifact Instance of 'FlutterRunnerSDKArtifacts' is not required, skipping update.
[        ] [        ] Artifact Instance of 'FlutterRunnerDebugSymbols' is not required, skipping update.
[        ] [        ] Artifact Instance of 'IosUsbArtifacts' is not required, skipping update.
[        ] [        ] Artifact Instance of 'IosUsbArtifacts' is not required, skipping update.
[        ] [        ] Artifact Instance of 'IosUsbArtifacts' is not required, skipping update.
[        ] [        ] Artifact Instance of 'IosUsbArtifacts' is not required, skipping update.
[        ] [        ] Artifact Instance of 'IosUsbArtifacts' is not required, skipping update.
[        ] [        ] Artifact Instance of 'IosUsbArtifacts' is not required, skipping update.
[        ] [        ] Artifact Instance of 'FontSubsetArtifacts' is not required, skipping update.
[        ] [        ] Artifact Instance of 'PubDependencies' is not required, skipping update.
[        ] [  +41 ms] Initializing file store
[        ] [   +8 ms] Done initializing file store
[        ] [  +37 ms] Skipping target: gen_dart_plugin_registrant
[        ] [   +1 ms] Skipping target: dart_build
[        ] [        ] Skipping target: gen_localizations
[        ] [        ] Skipping target: install_code_assets
[        ] [ +392 ms] Skipping target: kernel_snapshot_program
[        ] [ +324 ms] Skipping target: debug_android_application
[        ] [        ] Persisting file store
[        ] [   +9 ms] Done persisting file store
[        ] [  +15 ms] build succeeded.
[        ] [   +5 ms] "flutter assemble" took 892ms.
[        ] [  +52 ms] Running 1 shutdown hook
[        ] [        ] Shutdown hooks complete
[        ] [  +37 ms] exiting with code 0
[        ] Resolve mutations for :app:packJniLibsflutterBuildDebug (Thread[#2444,Execution worker Thread 6,5,main]) started.
[        ] :app:packJniLibsflutterBuildDebug (Thread[#2444,Execution worker Thread 6,5,main]) started.
[        ] > Task :app:packJniLibsflutterBuildDebug UP-TO-DATE
[        ] Caching disabled for task ':app:packJniLibsflutterBuildDebug' because:
[        ]   Not worth caching
[        ] Skipping task ':app:packJniLibsflutterBuildDebug' as it is up-to-date.
[        ] Resolve mutations for :path_provider_android:preBuild (Thread[#2444,Execution worker Thread 6,5,main]) started.
[        ] :path_provider_android:preBuild (Thread[#2444,Execution worker Thread 6,5,main]) started.
[        ] > Task :path_provider_android:preBuild UP-TO-DATE
[        ] Skipping task ':path_provider_android:preBuild' as it has no actions.
[        ] Resolve mutations for :path_provider_android:preDebugBuild (Thread[#2444,Execution worker Thread 6,5,main]) started.
[        ] :path_provider_android:preDebugBuild (Thread[#2444,Execution worker Thread 6,5,main]) started.
[        ] > Task :path_provider_android:preDebugBuild UP-TO-DATE
[        ] Skipping task ':path_provider_android:preDebugBuild' as it has no actions.
[        ] Resolve mutations for :path_provider_android:writeDebugAarMetadata (Thread[#2444,Execution worker Thread 6,5,main]) started.
[        ] :path_provider_android:writeDebugAarMetadata (Thread[#2444,Execution worker Thread 6,5,main]) started.
[        ] > Task :path_provider_android:writeDebugAarMetadata UP-TO-DATE
[        ] Caching disabled for task ':path_provider_android:writeDebugAarMetadata' because:
[        ]   Caching has been disabled for the task
[        ] Skipping task ':path_provider_android:writeDebugAarMetadata' as it is up-to-date.
[        ] work action resolve aar-metadata.properties (project :path_provider_android) (Thread[#2444,Execution worker Thread 6,5,main]) started.
[        ] Resolve mutations for :shared_preferences_android:preBuild (Thread[#2442,Execution worker Thread 4,5,main]) started.
[        ] :shared_preferences_android:preBuild (Thread[#2442,Execution worker Thread 4,5,main]) started.
[        ] > Task :shared_preferences_android:preBuild UP-TO-DATE
[        ] Skipping task ':shared_preferences_android:preBuild' as it has no actions.
[        ] Resolve mutations for :shared_preferences_android:preDebugBuild (Thread[#2442,Execution worker Thread 4,5,main]) started.
[        ] :shared_preferences_android:preDebugBuild (Thread[#2445,Execution worker Thread 7,5,main]) started.
[        ] > Task :shared_preferences_android:preDebugBuild UP-TO-DATE
[        ] Skipping task ':shared_preferences_android:preDebugBuild' as it has no actions.
[        ] Resolve mutations for :shared_preferences_android:writeDebugAarMetadata (Thread[#2445,Execution worker Thread 7,5,main]) started.
[        ] :shared_preferences_android:writeDebugAarMetadata (Thread[#2438,included builds,5,main]) started.
[   +1 ms] > Task :shared_preferences_android:writeDebugAarMetadata UP-TO-DATE
[        ] Caching disabled for task ':shared_preferences_android:writeDebugAarMetadata' because:
[        ]   Caching has been disabled for the task
[        ] Skipping task ':shared_preferences_android:writeDebugAarMetadata' as it is up-to-date.
[        ] work action resolve aar-metadata.properties (project :shared_preferences_android) (Thread[#2438,included builds,5,main]) started.
[        ] Resolve mutations for :sqflite_android:preBuild (Thread[#2438,included builds,5,main]) started.
[        ] :sqflite_android:preBuild (Thread[#2438,included builds,5,main]) started.
[        ] > Task :sqflite_android:preBuild UP-TO-DATE
[        ] Skipping task ':sqflite_android:preBuild' as it has no actions.
[        ] Resolve mutations for :sqflite_android:preDebugBuild (Thread[#2438,included builds,5,main]) started.
[        ] :sqflite_android:preDebugBuild (Thread[#2438,included builds,5,main]) started.
[        ] > Task :sqflite_android:preDebugBuild UP-TO-DATE
[        ] Skipping task ':sqflite_android:preDebugBuild' as it has no actions.
[        ] Resolve mutations for :sqflite_android:writeDebugAarMetadata (Thread[#2438,included builds,5,main]) started.
[        ] :sqflite_android:writeDebugAarMetadata (Thread[#2441,Execution worker Thread 3,5,main]) started.
[        ] > Task :sqflite_android:writeDebugAarMetadata UP-TO-DATE
[        ] Caching disabled for task ':sqflite_android:writeDebugAarMetadata' because:
[        ]   Caching has been disabled for the task
[        ] Skipping task ':sqflite_android:writeDebugAarMetadata' as it is up-to-date.
[        ] work action resolve aar-metadata.properties (project :sqflite_android) (Thread[#2441,Execution worker Thread 3,5,main]) started.
[        ] Resolve mutations for :app:checkDebugAarMetadata (Thread[#2441,Execution worker Thread 3,5,main]) started.
[        ] :app:checkDebugAarMetadata (Thread[#2441,Execution worker Thread 3,5,main]) started.
[  +81 ms] > Task :app:checkDebugAarMetadata UP-TO-DATE
[        ] Caching disabled for task ':app:checkDebugAarMetadata' because:
[        ]   Caching has been disabled for the task
[        ] Skipping task ':app:checkDebugAarMetadata' as it is up-to-date.
[        ] Resolve mutations for :app:cleanMergeDebugAssets (Thread[#2441,Execution worker Thread 3,5,main]) started.
[        ] :app:cleanMergeDebugAssets (Thread[#2441,Execution worker Thread 3,5,main]) started.
[        ] > Task :app:cleanMergeDebugAssets
[        ] Caching disabled for task ':app:cleanMergeDebugAssets' because:
[        ]   Deletion cannot be cached
[        ] Task ':app:cleanMergeDebugAssets' is not up-to-date because:
[        ]   Task has not declared any outputs despite executing actions.
[        ] Resolve mutations for :app:mergeDebugShaders (Thread[#2444,Execution worker Thread 6,5,main]) started.
[        ] :app:mergeDebugShaders (Thread[#2444,Execution worker Thread 6,5,main]) started.
[        ] > Task :app:mergeDebugShaders UP-TO-DATE
[        ] Caching disabled for task ':app:mergeDebugShaders' because:
[        ]   Simple merging task
[        ] Skipping task ':app:mergeDebugShaders' as it is up-to-date.
[        ] Resolve mutations for :app:compileDebugShaders (Thread[#2444,Execution worker Thread 6,5,main]) started.
[        ] :app:compileDebugShaders (Thread[#2444,Execution worker Thread 6,5,main]) started.
[        ] > Task :app:compileDebugShaders NO-SOURCE
[        ] Skipping task ':app:compileDebugShaders' as it has no source files and no previous output files.
[        ] Resolve mutations for :app:generateDebugAssets (Thread[#2444,Execution worker Thread 6,5,main]) started.
[        ] :app:generateDebugAssets (Thread[#2444,Execution worker Thread 6,5,main]) started.
[        ] > Task :app:generateDebugAssets UP-TO-DATE
[        ] Skipping task ':app:generateDebugAssets' as it has no actions.
[        ] Resolve mutations for :path_provider_android:mergeDebugShaders (Thread[#2444,Execution worker Thread 6,5,main]) started.
[        ] :path_provider_android:mergeDebugShaders (Thread[#2444,Execution worker Thread 6,5,main]) started.
[        ] > Task :path_provider_android:mergeDebugShaders UP-TO-DATE
[        ] Caching disabled for task ':path_provider_android:mergeDebugShaders' because:
[        ]   Simple merging task
[        ] Skipping task ':path_provider_android:mergeDebugShaders' as it is up-to-date.
[        ] Resolve mutations for :path_provider_android:compileDebugShaders (Thread[#2444,Execution worker Thread 6,5,main]) started.
[        ] :path_provider_android:compileDebugShaders (Thread[#2444,Execution worker Thread 6,5,main]) started.
[        ] > Task :path_provider_android:compileDebugShaders NO-SOURCE
[        ] Skipping task ':path_provider_android:compileDebugShaders' as it has no source files and no previous output files.
[        ] Resolve mutations for :path_provider_android:generateDebugAssets (Thread[#2444,Execution worker Thread 6,5,main]) started.
[        ] :path_provider_android:generateDebugAssets (Thread[#2444,Execution worker Thread 6,5,main]) started.
[        ] > Task :path_provider_android:generateDebugAssets UP-TO-DATE
[        ] Skipping task ':path_provider_android:generateDebugAssets' as it has no actions.
[        ] Resolve mutations for :path_provider_android:packageDebugAssets (Thread[#2444,Execution worker Thread 6,5,main]) started.
[        ] :path_provider_android:packageDebugAssets (Thread[#2444,Execution worker Thread 6,5,main]) started.
[        ] > Task :path_provider_android:packageDebugAssets UP-TO-DATE
[        ] Caching disabled for task ':path_provider_android:packageDebugAssets' because:
[        ]   Simple merging task
[        ] Skipping task ':path_provider_android:packageDebugAssets' as it is up-to-date.
[        ] work action resolve out (project :path_provider_android) (Thread[#2444,Execution worker Thread 6,5,main]) started.
[        ] Resolve mutations for :shared_preferences_android:mergeDebugShaders (Thread[#2439,Execution worker,5,main]) started.
[        ] :shared_preferences_android:mergeDebugShaders (Thread[#2439,Execution worker,5,main]) started.
[        ] > Task :shared_preferences_android:mergeDebugShaders UP-TO-DATE
[        ] Caching disabled for task ':shared_preferences_android:mergeDebugShaders' because:
[        ]   Simple merging task
[        ] Skipping task ':shared_preferences_android:mergeDebugShaders' as it is up-to-date.
[        ] Resolve mutations for :shared_preferences_android:compileDebugShaders (Thread[#2440,Execution worker Thread 2,5,main]) started.
[        ] :shared_preferences_android:compileDebugShaders (Thread[#2440,Execution worker Thread 2,5,main]) started.
[        ] > Task :shared_preferences_android:compileDebugShaders NO-SOURCE
[        ] Skipping task ':shared_preferences_android:compileDebugShaders' as it has no source files and no previous output files.
[        ] Resolve mutations for :shared_preferences_android:generateDebugAssets (Thread[#2439,Execution worker,5,main]) started.
[        ] :shared_preferences_android:generateDebugAssets (Thread[#2438,included builds,5,main]) started.
[        ] > Task :shared_preferences_android:generateDebugAssets UP-TO-DATE
[        ] Skipping task ':shared_preferences_android:generateDebugAssets' as it has no actions.
[        ] Resolve mutations for :shared_preferences_android:packageDebugAssets (Thread[#2438,included builds,5,main]) started.
[        ] :shared_preferences_android:packageDebugAssets (Thread[#2438,included builds,5,main]) started.
[        ] > Task :shared_preferences_android:packageDebugAssets UP-TO-DATE
[        ] Caching disabled for task ':shared_preferences_android:packageDebugAssets' because:
[        ]   Simple merging task
[        ] Skipping task ':shared_preferences_android:packageDebugAssets' as it is up-to-date.
[        ] work action resolve out (project :shared_preferences_android) (Thread[#2438,included builds,5,main]) started.
[        ] Resolve mutations for :sqflite_android:mergeDebugShaders (Thread[#2438,included builds,5,main]) started.
[        ] :sqflite_android:mergeDebugShaders (Thread[#2438,included builds,5,main]) started.
[        ] > Task :sqflite_android:mergeDebugShaders UP-TO-DATE
[        ] Caching disabled for task ':sqflite_android:mergeDebugShaders' because:
[        ]   Simple merging task
[        ] Skipping task ':sqflite_android:mergeDebugShaders' as it is up-to-date.
[        ] Resolve mutations for :sqflite_android:compileDebugShaders (Thread[#2440,Execution worker Thread 2,5,main]) started.
[        ] :sqflite_android:compileDebugShaders (Thread[#2440,Execution worker Thread 2,5,main]) started.
[        ] > Task :sqflite_android:compileDebugShaders NO-SOURCE
[        ] Skipping task ':sqflite_android:compileDebugShaders' as it has no source files and no previous output files.
[        ] Resolve mutations for :sqflite_android:generateDebugAssets (Thread[#2440,Execution worker Thread 2,5,main]) started.
[        ] :sqflite_android:generateDebugAssets (Thread[#2440,Execution worker Thread 2,5,main]) started.
[        ] > Task :sqflite_android:generateDebugAssets UP-TO-DATE
[        ] Skipping task ':sqflite_android:generateDebugAssets' as it has no actions.
[        ] Resolve mutations for :sqflite_android:packageDebugAssets (Thread[#2440,Execution worker Thread 2,5,main]) started.
[        ] :sqflite_android:packageDebugAssets (Thread[#2440,Execution worker Thread 2,5,main]) started.
[        ] > Task :sqflite_android:packageDebugAssets UP-TO-DATE
[        ] Caching disabled for task ':sqflite_android:packageDebugAssets' because:
[        ]   Simple merging task
[        ] Skipping task ':sqflite_android:packageDebugAssets' as it is up-to-date.
[        ] work action resolve out (project :sqflite_android) (Thread[#2440,Execution worker Thread 2,5,main]) started.
[        ] Resolve mutations for :app:mergeDebugAssets (Thread[#2440,Execution worker Thread 2,5,main]) started.
[        ] :app:mergeDebugAssets (Thread[#2440,Execution worker Thread 2,5,main]) started.
[        ] > Task :app:mergeDebugAssets
[        ] Caching disabled for task ':app:mergeDebugAssets' because:
[        ]   Simple merging task
[        ] Task ':app:mergeDebugAssets' is not up-to-date because:
[        ]   Output property 'outputDir' file /home/user/myapp/build/app/intermediates/assets/debug/mergeDebugAssets has been removed.
[        ] The input changes require a full rebuild for incremental task ':app:mergeDebugAssets'.
[        ] Resolve mutations for :app:copyFlutterAssetsDebug (Thread[#2440,Execution worker Thread 2,5,main]) started.
[        ] :app:copyFlutterAssetsDebug (Thread[#2440,Execution worker Thread 2,5,main]) started.
[ +188 ms] > Task :app:copyFlutterAssetsDebug
[        ] Caching disabled for task ':app:copyFlutterAssetsDebug' because:
[        ]   Not worth caching
[        ] Task ':app:copyFlutterAssetsDebug' is not up-to-date because:
[        ]   Output property 'destinationDir' file /home/user/myapp/build/app/intermediates/assets/debug/mergeDebugAssets/flutter_assets has been removed.
[        ]   Output property 'destinationDir' file /home/user/myapp/build/app/intermediates/assets/debug/mergeDebugAssets/flutter_assets/AssetManifest.bin has been removed.
[        ]   Output property 'destinationDir' file /home/user/myapp/build/app/intermediates/assets/debug/mergeDebugAssets/flutter_assets/AssetManifest.json has been removed.
[        ]   and more...
[        ] Resolve mutations for :app:generateDebugResValues (Thread[#2440,Execution worker Thread 2,5,main]) started.
[        ] :app:generateDebugResValues (Thread[#2440,Execution worker Thread 2,5,main]) started.
[        ] > Task :app:generateDebugResValues UP-TO-DATE
[        ] Build cache key for task ':app:generateDebugResValues' is 20ce36ee1bd4e0523e92f5bcac7e42bf
[        ] Skipping task ':app:generateDebugResValues' as it is up-to-date.
[        ] Resolve mutations for :path_provider_android:generateDebugResValues (Thread[#2440,Execution worker Thread 2,5,main]) started.
[        ] :path_provider_android:generateDebugResValues (Thread[#2440,Execution worker Thread 2,5,main]) started.
[        ] > Task :path_provider_android:generateDebugResValues UP-TO-DATE
[        ] Build cache key for task ':path_provider_android:generateDebugResValues' is 20ce36ee1bd4e0523e92f5bcac7e42bf
[        ] Skipping task ':path_provider_android:generateDebugResValues' as it is up-to-date.
[        ] Resolve mutations for :path_provider_android:generateDebugResources (Thread[#2440,Execution worker Thread 2,5,main]) started.
[        ] :path_provider_android:generateDebugResources (Thread[#2440,Execution worker Thread 2,5,main]) started.
[        ] > Task :path_provider_android:generateDebugResources UP-TO-DATE
[        ] Build cache key for task ':path_provider_android:generateDebugResources' is 47452358fc3fab8b49adfeb2291815ab
[        ] Skipping task ':path_provider_android:generateDebugResources' as it is up-to-date.
[        ] Resolve mutations for :path_provider_android:packageDebugResources (Thread[#2440,Execution worker Thread 2,5,main]) started.
[        ] :path_provider_android:packageDebugResources (Thread[#2440,Execution worker Thread 2,5,main]) started.
[        ] > Task :path_provider_android:packageDebugResources UP-TO-DATE
[        ] Build cache key for task ':path_provider_android:packageDebugResources' is 2fb395f4699332471879f4dc590ba145
[        ] Skipping task ':path_provider_android:packageDebugResources' as it is up-to-date.
[        ] work action resolve packageDebugResources (project :path_provider_android) (Thread[#2440,Execution worker Thread 2,5,main]) started.
[        ] Resolve mutations for :shared_preferences_android:generateDebugResValues (Thread[#2440,Execution worker Thread 2,5,main]) started.
[        ] :shared_preferences_android:generateDebugResValues (Thread[#2440,Execution worker Thread 2,5,main]) started.
[        ] > Task :shared_preferences_android:generateDebugResValues UP-TO-DATE
[        ] Build cache key for task ':shared_preferences_android:generateDebugResValues' is 20ce36ee1bd4e0523e92f5bcac7e42bf
[        ] Skipping task ':shared_preferences_android:generateDebugResValues' as it is up-to-date.
[        ] Resolve mutations for :shared_preferences_android:generateDebugResources (Thread[#2440,Execution worker Thread 2,5,main]) started.
[        ] :shared_preferences_android:generateDebugResources (Thread[#2440,Execution worker Thread 2,5,main]) started.
[        ] > Task :shared_preferences_android:generateDebugResources UP-TO-DATE
[        ] Build cache key for task ':shared_preferences_android:generateDebugResources' is 47452358fc3fab8b49adfeb2291815ab
[        ] Skipping task ':shared_preferences_android:generateDebugResources' as it is up-to-date.
[        ] Resolve mutations for :shared_preferences_android:packageDebugResources (Thread[#2440,Execution worker Thread 2,5,main]) started.
[        ] :shared_preferences_android:packageDebugResources (Thread[#2440,Execution worker Thread 2,5,main]) started.
[        ] > Task :shared_preferences_android:packageDebugResources UP-TO-DATE
[        ] Build cache key for task ':shared_preferences_android:packageDebugResources' is 04f2a91589dd5fc3936db14f5434f5eb
[        ] Skipping task ':shared_preferences_android:packageDebugResources' as it is up-to-date.
[        ] work action resolve packageDebugResources (project :shared_preferences_android) (Thread[#2440,Execution worker Thread 2,5,main]) started.
[        ] Resolve mutations for :sqflite_android:generateDebugResValues (Thread[#2440,Execution worker Thread 2,5,main]) started.
[        ] :sqflite_android:generateDebugResValues (Thread[#2440,Execution worker Thread 2,5,main]) started.
[        ] > Task :sqflite_android:generateDebugResValues UP-TO-DATE
[        ] Build cache key for task ':sqflite_android:generateDebugResValues' is 20ce36ee1bd4e0523e92f5bcac7e42bf
[        ] Skipping task ':sqflite_android:generateDebugResValues' as it is up-to-date.
[        ] Resolve mutations for :sqflite_android:generateDebugResources (Thread[#2440,Execution worker Thread 2,5,main]) started.
[        ] :sqflite_android:generateDebugResources (Thread[#2440,Execution worker Thread 2,5,main]) started.
[        ] > Task :sqflite_android:generateDebugResources UP-TO-DATE
[        ] Build cache key for task ':sqflite_android:generateDebugResources' is 47452358fc3fab8b49adfeb2291815ab
[        ] Skipping task ':sqflite_android:generateDebugResources' as it is up-to-date.
[        ] Resolve mutations for :sqflite_android:packageDebugResources (Thread[#2440,Execution worker Thread 2,5,main]) started.
[        ] :sqflite_android:packageDebugResources (Thread[#2440,Execution worker Thread 2,5,main]) started.
[        ] > Task :sqflite_android:packageDebugResources UP-TO-DATE
[        ] Build cache key for task ':sqflite_android:packageDebugResources' is 2d2e78fd58c40190d2bc25e2497d8f69
[        ] Skipping task ':sqflite_android:packageDebugResources' as it is up-to-date.
[        ] work action resolve packageDebugResources (project :sqflite_android) (Thread[#2440,Execution worker Thread 2,5,main]) started.
[        ] Resolve mutations for :app:mapDebugSourceSetPaths (Thread[#2440,Execution worker Thread 2,5,main]) started.
[        ] :app:mapDebugSourceSetPaths (Thread[#2440,Execution worker Thread 2,5,main]) started.
[        ] > Task :app:mapDebugSourceSetPaths UP-TO-DATE
[        ] Caching disabled for task ':app:mapDebugSourceSetPaths' because:
[        ]   Caching has been disabled for the task
[        ] Skipping task ':app:mapDebugSourceSetPaths' as it is up-to-date.
[        ] Resolve mutations for :app:generateDebugResources (Thread[#2440,Execution worker Thread 2,5,main]) started.
[        ] :app:generateDebugResources (Thread[#2440,Execution worker Thread 2,5,main]) started.
[        ] > Task :app:generateDebugResources UP-TO-DATE
[        ] Build cache key for task ':app:generateDebugResources' is d3b3a4e69ba59019db2986a4d2362e11
[        ] Skipping task ':app:generateDebugResources' as it is up-to-date.
[        ] Resolve mutations for :app:mergeDebugResources (Thread[#2440,Execution worker Thread 2,5,main]) started.
[        ] :app:mergeDebugResources (Thread[#2440,Execution worker Thread 2,5,main]) started.
[        ] > Task :app:mergeDebugResources UP-TO-DATE
[        ] Build cache key for task ':app:mergeDebugResources' is f489293e4986e1138cc0abb2c2d231b3
[        ] Skipping task ':app:mergeDebugResources' as it is up-to-date.
[        ] Resolve mutations for :app:packageDebugResources (Thread[#2440,Execution worker Thread 2,5,main]) started.
[        ] :app:packageDebugResources (Thread[#2440,Execution worker Thread 2,5,main]) started.
[        ] > Task :app:packageDebugResources UP-TO-DATE
[        ] Build cache key for task ':app:packageDebugResources' is 1e348d04235695d10146a6adc2d8ac65
[        ] Skipping task ':app:packageDebugResources' as it is up-to-date.
[        ] Resolve mutations for :app:parseDebugLocalResources (Thread[#2440,Execution worker Thread 2,5,main]) started.
[        ] :app:parseDebugLocalResources (Thread[#2440,Execution worker Thread 2,5,main]) started.
[        ] > Task :app:parseDebugLocalResources UP-TO-DATE
[        ] Build cache key for task ':app:parseDebugLocalResources' is 1fe62dd70e92c214d681abbfa0774f93
[        ] Skipping task ':app:parseDebugLocalResources' as it is up-to-date.
[        ] Resolve mutations for :app:createDebugCompatibleScreenManifests (Thread[#2440,Execution worker Thread 2,5,main]) started.
[        ] :app:createDebugCompatibleScreenManifests (Thread[#2440,Execution worker Thread 2,5,main]) started.
[        ] > Task :app:createDebugCompatibleScreenManifests UP-TO-DATE
[        ] Caching disabled for task ':app:createDebugCompatibleScreenManifests' because:
[        ]   Caching has been disabled for the task
[        ] Skipping task ':app:createDebugCompatibleScreenManifests' as it is up-to-date.
[        ] Resolve mutations for :app:extractDeepLinksDebug (Thread[#2440,Execution worker Thread 2,5,main]) started.
[        ] :app:extractDeepLinksDebug (Thread[#2440,Execution worker Thread 2,5,main]) started.
[        ] > Task :app:extractDeepLinksDebug UP-TO-DATE
[        ] Build cache key for task ':app:extractDeepLinksDebug' is 643af5181ac33cb1ef6aa625b38f18db
[        ] Skipping task ':app:extractDeepLinksDebug' as it is up-to-date.
[        ] Resolve mutations for :path_provider_android:extractDeepLinksDebug (Thread[#2440,Execution worker Thread 2,5,main]) started.
[        ] :path_provider_android:extractDeepLinksDebug (Thread[#2440,Execution worker Thread 2,5,main]) started.
[        ] > Task :path_provider_android:extractDeepLinksDebug UP-TO-DATE
[        ] Build cache key for task ':path_provider_android:extractDeepLinksDebug' is 47f2da7da53b8210035758d47aa11596
[        ] Skipping task ':path_provider_android:extractDeepLinksDebug' as it is up-to-date.
[        ] work action resolve navigation.json (project :path_provider_android) (Thread[#2440,Execution worker Thread 2,5,main]) started.
[        ] Resolve mutations for :path_provider_android:processDebugManifest (Thread[#2438,included builds,5,main]) started.
[        ] :path_provider_android:processDebugManifest (Thread[#2438,included builds,5,main]) started.
[        ] > Task :path_provider_android:processDebugManifest UP-TO-DATE
[        ] Build cache key for task ':path_provider_android:processDebugManifest' is c3a2fbf4df3ded90b1a566e8847ad7b8
[        ] Skipping task ':path_provider_android:processDebugManifest' as it is up-to-date.
[        ] work action resolve AndroidManifest.xml (project :path_provider_android) (Thread[#2438,included builds,5,main]) started.
[        ] Resolve mutations for :shared_preferences_android:extractDeepLinksDebug (Thread[#2438,included builds,5,main]) started.
[        ] :shared_preferences_android:extractDeepLinksDebug (Thread[#2438,included builds,5,main]) started.
[        ] > Task :shared_preferences_android:extractDeepLinksDebug UP-TO-DATE
[        ] Build cache key for task ':shared_preferences_android:extractDeepLinksDebug' is 47f2da7da53b8210035758d47aa11596
[        ] Skipping task ':shared_preferences_android:extractDeepLinksDebug' as it is up-to-date.
[        ] work action resolve navigation.json (project :shared_preferences_android) (Thread[#2438,included builds,5,main]) started.
[        ] Resolve mutations for :shared_preferences_android:processDebugManifest (Thread[#2438,included builds,5,main]) started.
[        ] :shared_preferences_android:processDebugManifest (Thread[#2438,included builds,5,main]) started.
[        ] > Task :shared_preferences_android:processDebugManifest UP-TO-DATE
[        ] Build cache key for task ':shared_preferences_android:processDebugManifest' is f5a403fa489ee9e00161e7bcbc985420
[        ] Skipping task ':shared_preferences_android:processDebugManifest' as it is up-to-date.
[        ] work action resolve AndroidManifest.xml (project :shared_preferences_android) (Thread[#2438,included builds,5,main]) started.
[        ] Resolve mutations for :sqflite_android:extractDeepLinksDebug (Thread[#2438,included builds,5,main]) started.
[        ] :sqflite_android:extractDeepLinksDebug (Thread[#2438,included builds,5,main]) started.
[        ] > Task :sqflite_android:extractDeepLinksDebug UP-TO-DATE
[        ] Build cache key for task ':sqflite_android:extractDeepLinksDebug' is 47f2da7da53b8210035758d47aa11596
[        ] Skipping task ':sqflite_android:extractDeepLinksDebug' as it is up-to-date.
[        ] work action resolve navigation.json (project :sqflite_android) (Thread[#2439,Execution worker,5,main]) started.
[        ] Resolve mutations for :sqflite_android:processDebugManifest (Thread[#2439,Execution worker,5,main]) started.
[        ] :sqflite_android:processDebugManifest (Thread[#2439,Execution worker,5,main]) started.
[        ] > Task :sqflite_android:processDebugManifest UP-TO-DATE
[        ] Build cache key for task ':sqflite_android:processDebugManifest' is 975dc03371732718c738e6ab6ecf1264
[        ] Skipping task ':sqflite_android:processDebugManifest' as it is up-to-date.
[        ] work action resolve AndroidManifest.xml (project :sqflite_android) (Thread[#2439,Execution worker,5,main]) started.
[        ] Resolve mutations for :app:processDebugMainManifest (Thread[#2439,Execution worker,5,main]) started.
[        ] :app:processDebugMainManifest (Thread[#2439,Execution worker,5,main]) started.
[        ] > Task :app:processDebugMainManifest UP-TO-DATE
[        ] Build cache key for task ':app:processDebugMainManifest' is 92a3ff96c6b29fb4158843a71a21eb4d
[        ] Skipping task ':app:processDebugMainManifest' as it is up-to-date.
[        ] Resolve mutations for :app:processDebugManifest (Thread[#2439,Execution worker,5,main]) started.
[        ] :app:processDebugManifest (Thread[#2439,Execution worker,5,main]) started.
[        ] > Task :app:processDebugManifest UP-TO-DATE
[        ] Build cache key for task ':app:processDebugManifest' is c12ed6957dd35af2be4001909a786d3f
[        ] Skipping task ':app:processDebugManifest' as it is up-to-date.
[        ] Resolve mutations for :app:processDebugManifestForPackage (Thread[#2439,Execution worker,5,main]) started.
[        ] :app:processDebugManifestForPackage (Thread[#2439,Execution worker,5,main]) started.
[        ] > Task :app:processDebugManifestForPackage UP-TO-DATE
[        ] Custom actions are attached to task ':app:processDebugManifestForPackage'.
[        ] Build cache key for task ':app:processDebugManifestForPackage' is 5a1a9a0291e7628922dc8ab28373eab7
[        ] Skipping task ':app:processDebugManifestForPackage' as it is up-to-date.
[        ] Resolve mutations for :path_provider_android:compileDebugLibraryResources (Thread[#2439,Execution worker,5,main]) started.
[        ] :path_provider_android:compileDebugLibraryResources (Thread[#2439,Execution worker,5,main]) started.
[        ] > Task :path_provider_android:compileDebugLibraryResources UP-TO-DATE
[        ] Build cache key for task ':path_provider_android:compileDebugLibraryResources' is a2afb12a3499be33ba167c902acad328
[        ] Skipping task ':path_provider_android:compileDebugLibraryResources' as it is up-to-date.
[        ] work action resolve out (project :path_provider_android) (Thread[#2440,Execution worker Thread 2,5,main]) started.
[        ] Resolve mutations for :path_provider_android:parseDebugLocalResources (Thread[#2443,Execution worker Thread 5,5,main]) started.
[        ] :path_provider_android:parseDebugLocalResources (Thread[#2443,Execution worker Thread 5,5,main]) started.
[        ] > Task :path_provider_android:parseDebugLocalResources UP-TO-DATE
[        ] Build cache key for task ':path_provider_android:parseDebugLocalResources' is 3f69ec85e13ea3327154b721c9fb03f3
[        ] Skipping task ':path_provider_android:parseDebugLocalResources' as it is up-to-date.
[        ] Resolve mutations for :path_provider_android:generateDebugRFile (Thread[#2443,Execution worker Thread 5,5,main]) started.
[        ] :path_provider_android:generateDebugRFile (Thread[#2443,Execution worker Thread 5,5,main]) started.
[        ] > Task :path_provider_android:generateDebugRFile UP-TO-DATE
[        ] Build cache key for task ':path_provider_android:generateDebugRFile' is 968dd7e84e65e1e03cc137e5344a7bfd
[   +1 ms] Skipping task ':path_provider_android:generateDebugRFile' as it is up-to-date.
[        ] work action resolve package-aware-r.txt (project :path_provider_android) (Thread[#2443,Execution worker Thread 5,5,main]) started.
[        ] Resolve mutations for :shared_preferences_android:compileDebugLibraryResources (Thread[#2443,Execution worker Thread 5,5,main]) started.
[        ] :shared_preferences_android:compileDebugLibraryResources (Thread[#2443,Execution worker Thread 5,5,main]) started.
[        ] > Task :shared_preferences_android:compileDebugLibraryResources UP-TO-DATE
[        ] Build cache key for task ':shared_preferences_android:compileDebugLibraryResources' is a2afb12a3499be33ba167c902acad328
[        ] Skipping task ':shared_preferences_android:compileDebugLibraryResources' as it is up-to-date.
[        ] work action resolve out (project :shared_preferences_android) (Thread[#2443,Execution worker Thread 5,5,main]) started.
[        ] Resolve mutations for :shared_preferences_android:parseDebugLocalResources (Thread[#2443,Execution worker Thread 5,5,main]) started.
[        ] :shared_preferences_android:parseDebugLocalResources (Thread[#2443,Execution worker Thread 5,5,main]) started.
[        ] > Task :shared_preferences_android:parseDebugLocalResources UP-TO-DATE
[   +1 ms] Build cache key for task ':shared_preferences_android:parseDebugLocalResources' is 3f69ec85e13ea3327154b721c9fb03f3
[        ] Skipping task ':shared_preferences_android:parseDebugLocalResources' as it is up-to-date.
[        ] Resolve mutations for :shared_preferences_android:generateDebugRFile (Thread[#2443,Execution worker Thread 5,5,main]) started.
[        ] :shared_preferences_android:generateDebugRFile (Thread[#2443,Execution worker Thread 5,5,main]) started.
[        ] > Task :shared_preferences_android:generateDebugRFile UP-TO-DATE
[        ] Build cache key for task ':shared_preferences_android:generateDebugRFile' is 39ad8f0b6577bf3f2c8748abc350eb01
[        ] Skipping task ':shared_preferences_android:generateDebugRFile' as it is up-to-date.
[        ] work action resolve package-aware-r.txt (project :shared_preferences_android) (Thread[#2443,Execution worker Thread 5,5,main]) started.
[        ] Resolve mutations for :sqflite_android:compileDebugLibraryResources (Thread[#2443,Execution worker Thread 5,5,main]) started.
[   +1 ms] :sqflite_android:compileDebugLibraryResources (Thread[#2443,Execution worker Thread 5,5,main]) started.
[        ] > Task :sqflite_android:compileDebugLibraryResources UP-TO-DATE
[        ] Build cache key for task ':sqflite_android:compileDebugLibraryResources' is a2afb12a3499be33ba167c902acad328
[        ] Skipping task ':sqflite_android:compileDebugLibraryResources' as it is up-to-date.
[        ] work action resolve out (project :sqflite_android) (Thread[#2443,Execution worker Thread 5,5,main]) started.
[        ] Resolve mutations for :sqflite_android:parseDebugLocalResources (Thread[#2443,Execution worker Thread 5,5,main]) started.
[        ] :sqflite_android:parseDebugLocalResources (Thread[#2443,Execution worker Thread 5,5,main]) started.
[        ] > Task :sqflite_android:parseDebugLocalResources UP-TO-DATE
[        ] Build cache key for task ':sqflite_android:parseDebugLocalResources' is 8e9a25ee91d6a9d27495e83292efb990
[        ] Skipping task ':sqflite_android:parseDebugLocalResources' as it is up-to-date.
[        ] Resolve mutations for :sqflite_android:generateDebugRFile (Thread[#2440,Execution worker Thread 2,5,main]) started.
[        ] :sqflite_android:generateDebugRFile (Thread[#2443,Execution worker Thread 5,5,main]) started.
[        ] > Task :sqflite_android:generateDebugRFile UP-TO-DATE
[        ] Build cache key for task ':sqflite_android:generateDebugRFile' is d3d758471412ae5feebf29bca1627b81
[        ] Skipping task ':sqflite_android:generateDebugRFile' as it is up-to-date.
[        ] work action resolve package-aware-r.txt (project :sqflite_android) (Thread[#2443,Execution worker Thread 5,5,main]) started.
[        ] Resolve mutations for :app:processDebugResources (Thread[#2443,Execution worker Thread 5,5,main]) started.
[        ] :app:processDebugResources (Thread[#2443,Execution worker Thread 5,5,main]) started.
[        ] > Task :app:processDebugResources UP-TO-DATE
[        ] Build cache key for task ':app:processDebugResources' is 98f08ff31a15e8018cc0f9a283f79d1c
[        ] Skipping task ':app:processDebugResources' as it is up-to-date.
[        ] Resolve mutations for :path_provider_android:javaPreCompileDebug (Thread[#2443,Execution worker Thread 5,5,main]) started.
[        ] :path_provider_android:javaPreCompileDebug (Thread[#2443,Execution worker Thread 5,5,main]) started.
[        ] > Task :path_provider_android:javaPreCompileDebug UP-TO-DATE
[        ] Build cache key for task ':path_provider_android:javaPreCompileDebug' is a9a4236e4be01a7f7f594f7795f5054f
[        ] Skipping task ':path_provider_android:javaPreCompileDebug' as it is up-to-date.
[        ] Resolve mutations for :path_provider_android:compileDebugJavaWithJavac (Thread[#2443,Execution worker Thread 5,5,main]) started.
[        ] :path_provider_android:compileDebugJavaWithJavac (Thread[#2443,Execution worker Thread 5,5,main]) started.
[  +68 ms] > Task :path_provider_android:compileDebugJavaWithJavac UP-TO-DATE
[   +3 ms] Custom actions are attached to task ':path_provider_android:compileDebugJavaWithJavac'.
[        ] Build cache key for task ':path_provider_android:compileDebugJavaWithJavac' is 6061e741f2e4d9485c0bd107ac04f6dc
[        ] Skipping task ':path_provider_android:compileDebugJavaWithJavac' as it is up-to-date.
[        ] No compile result for :path_provider_android:compileDebugJavaWithJavac
[        ] No compile result for :path_provider_android:compileDebugJavaWithJavac
[        ] Resolve mutations for :path_provider_android:bundleLibCompileToJarDebug (Thread[#2443,Execution worker Thread 5,5,main]) started.
[        ] :path_provider_android:bundleLibCompileToJarDebug (Thread[#2443,Execution worker Thread 5,5,main]) started.
[        ] > Task :path_provider_android:bundleLibCompileToJarDebug UP-TO-DATE
[        ] Caching disabled for task ':path_provider_android:bundleLibCompileToJarDebug' because:
[        ]   Simple merging task
[        ] Skipping task ':path_provider_android:bundleLibCompileToJarDebug' as it is up-to-date.
[        ] work action resolve classes.jar (project :path_provider_android) (Thread[#2443,Execution worker Thread 5,5,main]) started.
[        ] Resolve mutations for :shared_preferences_android:checkKotlinGradlePluginConfigurationErrors (Thread[#2442,Execution worker Thread 4,5,main]) started.
[        ] :shared_preferences_android:checkKotlinGradlePluginConfigurationErrors (Thread[#2442,Execution worker Thread 4,5,main]) started.
[        ] > Task :shared_preferences_android:checkKotlinGradlePluginConfigurationErrors SKIPPED
[        ] Skipping task ':shared_preferences_android:checkKotlinGradlePluginConfigurationErrors' as task onlyIf 'errorDiagnostics are present' is false.
[        ] Resolve mutations for :shared_preferences_android:compileDebugKotlin (Thread[#2442,Execution worker Thread 4,5,main]) started.
[        ] :shared_preferences_android:compileDebugKotlin (Thread[#2442,Execution worker Thread 4,5,main]) started.
[  +95 ms] > Task :shared_preferences_android:compileDebugKotlin UP-TO-DATE
[        ] Build cache key for task ':shared_preferences_android:compileDebugKotlin' is 543a6e0bf85df2c361a3778b7c51c62f
[        ] Skipping task ':shared_preferences_android:compileDebugKotlin' as it is up-to-date.
[        ] Resolve mutations for :shared_preferences_android:javaPreCompileDebug (Thread[#2442,Execution worker Thread 4,5,main]) started.
[        ] :shared_preferences_android:javaPreCompileDebug (Thread[#2441,Execution worker Thread 3,5,main]) started.
[        ] > Task :shared_preferences_android:javaPreCompileDebug UP-TO-DATE
[        ] Build cache key for task ':shared_preferences_android:javaPreCompileDebug' is a9a4236e4be01a7f7f594f7795f5054f
[        ] Skipping task ':shared_preferences_android:javaPreCompileDebug' as it is up-to-date.
[        ] Resolve mutations for :shared_preferences_android:compileDebugJavaWithJavac (Thread[#2441,Execution worker Thread 3,5,main]) started.
[        ] :shared_preferences_android:compileDebugJavaWithJavac (Thread[#2442,Execution worker Thread 4,5,main]) started.
[        ] > Task :shared_preferences_android:compileDebugJavaWithJavac UP-TO-DATE
[        ] Custom actions are attached to task ':shared_preferences_android:compileDebugJavaWithJavac'.
[        ] Build cache key for task ':shared_preferences_android:compileDebugJavaWithJavac' is 6d958927a1793688cfe1b90b5795265e
[        ] Skipping task ':shared_preferences_android:compileDebugJavaWithJavac' as it is up-to-date.
[        ] No compile result for :shared_preferences_android:compileDebugJavaWithJavac
[        ] No compile result for :shared_preferences_android:compileDebugJavaWithJavac
[        ] Resolve mutations for :shared_preferences_android:bundleLibCompileToJarDebug (Thread[#2442,Execution worker Thread 4,5,main]) started.
[        ] :shared_preferences_android:bundleLibCompileToJarDebug (Thread[#2442,Execution worker Thread 4,5,main]) started.
[        ] > Task :shared_preferences_android:bundleLibCompileToJarDebug UP-TO-DATE
[        ] Caching disabled for task ':shared_preferences_android:bundleLibCompileToJarDebug' because:
[        ]   Simple merging task
[        ] Skipping task ':shared_preferences_android:bundleLibCompileToJarDebug' as it is up-to-date.
[        ] work action resolve classes.jar (project :shared_preferences_android) (Thread[#2441,Execution worker Thread 3,5,main]) started.
[        ] Resolve mutations for :sqflite_android:javaPreCompileDebug (Thread[#2441,Execution worker Thread 3,5,main]) started.
[        ] :sqflite_android:javaPreCompileDebug (Thread[#2441,Execution worker Thread 3,5,main]) started.
[        ] > Task :sqflite_android:javaPreCompileDebug UP-TO-DATE
[        ] Build cache key for task ':sqflite_android:javaPreCompileDebug' is a9a4236e4be01a7f7f594f7795f5054f
[        ] Skipping task ':sqflite_android:javaPreCompileDebug' as it is up-to-date.
[        ] Resolve mutations for :sqflite_android:compileDebugJavaWithJavac (Thread[#2441,Execution worker Thread 3,5,main]) started.
[        ] :sqflite_android:compileDebugJavaWithJavac (Thread[#2441,Execution worker Thread 3,5,main]) started.
[        ] > Task :sqflite_android:compileDebugJavaWithJavac UP-TO-DATE
[        ] Custom actions are attached to task ':sqflite_android:compileDebugJavaWithJavac'.
[        ] Build cache key for task ':sqflite_android:compileDebugJavaWithJavac' is 6cc00f10f9efce4bdaa8a847090e20a7
[        ] Skipping task ':sqflite_android:compileDebugJavaWithJavac' as it is up-to-date.
[        ] No compile result for :sqflite_android:compileDebugJavaWithJavac
[        ] No compile result for :sqflite_android:compileDebugJavaWithJavac
[        ] Resolve mutations for :sqflite_android:bundleLibCompileToJarDebug (Thread[#2441,Execution worker Thread 3,5,main]) started.
[        ] :sqflite_android:bundleLibCompileToJarDebug (Thread[#2441,Execution worker Thread 3,5,main]) started.
[        ] > Task :sqflite_android:bundleLibCompileToJarDebug UP-TO-DATE
[        ] Caching disabled for task ':sqflite_android:bundleLibCompileToJarDebug' because:
[        ]   Simple merging task
[        ] Skipping task ':sqflite_android:bundleLibCompileToJarDebug' as it is up-to-date.
[        ] work action resolve classes.jar (project :sqflite_android) (Thread[#2441,Execution worker Thread 3,5,main]) started.
[        ] Resolve mutations for :app:compileDebugKotlin (Thread[#2441,Execution worker Thread 3,5,main]) started.
[        ] :app:compileDebugKotlin (Thread[#2439,Execution worker,5,main]) started.
[        ] > Task :app:compileDebugKotlin UP-TO-DATE
[        ] Build cache key for task ':app:compileDebugKotlin' is 197663dee48e529427e2a6120042ed5a
[        ] Skipping task ':app:compileDebugKotlin' as it is up-to-date.
[        ] Resolve mutations for :app:javaPreCompileDebug (Thread[#2439,Execution worker,5,main]) started.
[        ] :app:javaPreCompileDebug (Thread[#2441,Execution worker Thread 3,5,main]) started.
[        ] > Task :app:javaPreCompileDebug UP-TO-DATE
[        ] Build cache key for task ':app:javaPreCompileDebug' is a9a4236e4be01a7f7f594f7795f5054f
[        ] Skipping task ':app:javaPreCompileDebug' as it is up-to-date.
[        ] Resolve mutations for :app:compileDebugJavaWithJavac (Thread[#2441,Execution worker Thread 3,5,main]) started.
[        ] :app:compileDebugJavaWithJavac (Thread[#2441,Execution worker Thread 3,5,main]) started.
[        ] > Task :app:compileDebugJavaWithJavac UP-TO-DATE
[        ] Custom actions are attached to task ':app:compileDebugJavaWithJavac'.
[        ] Build cache key for task ':app:compileDebugJavaWithJavac' is 5451f6d70d9bc5eeaec43f7d437cbf92
[        ] Skipping task ':app:compileDebugJavaWithJavac' as it is up-to-date.
[        ] No compile result for :app:compileDebugJavaWithJavac
[        ] No compile result for :app:compileDebugJavaWithJavac
[        ] Resolve mutations for :app:compressDebugAssets (Thread[#2441,Execution worker Thread 3,5,main]) started.
[        ] :app:compressDebugAssets (Thread[#2441,Execution worker Thread 3,5,main]) started.
[  +93 ms] > Task :app:compressDebugAssets UP-TO-DATE
[        ] Build cache key for task ':app:compressDebugAssets' is b930c5cd8ea81af6d622de375ace3dee
[        ] Skipping task ':app:compressDebugAssets' as it is up-to-date.
[        ] Resolve mutations for :app:processDebugJavaRes (Thread[#2441,Execution worker Thread 3,5,main]) started.
[        ] :app:processDebugJavaRes (Thread[#2441,Execution worker Thread 3,5,main]) started.
[        ] > Task :app:processDebugJavaRes UP-TO-DATE
[        ] file or directory '/home/user/myapp/android/app/src/main/resources', not found
[        ] file or directory '/home/user/myapp/android/app/src/debug/resources', not found
[        ] file or directory '/home/user/myapp/android/app/src/main/resources', not found
[        ] file or directory '/home/user/myapp/android/app/src/debug/resources', not found
[        ] Caching disabled for task ':app:processDebugJavaRes' because:
[        ]   Caching has been disabled for the task
[        ] Skipping task ':app:processDebugJavaRes' as it is up-to-date.
[        ] Resolve mutations for :path_provider_android:processDebugJavaRes (Thread[#2441,Execution worker Thread 3,5,main]) started.
[        ] :path_provider_android:processDebugJavaRes (Thread[#2441,Execution worker Thread 3,5,main]) started.
[        ] > Task :path_provider_android:processDebugJavaRes NO-SOURCE
[        ] file or directory '/home/user/.pub-cache/hosted/pub.dev/path_provider_android-2.2.17/android/src/main/resources', not found
[        ] file or directory '/home/user/.pub-cache/hosted/pub.dev/path_provider_android-2.2.17/android/src/debug/resources', not found
[        ] Skipping task ':path_provider_android:processDebugJavaRes' as it has no source files and no previous output files.
[        ] work action resolve out (project :path_provider_android) (Thread[#2441,Execution worker Thread 3,5,main]) started.
[        ] Resolve mutations for :shared_preferences_android:processDebugJavaRes (Thread[#2439,Execution worker,5,main]) started.
[        ] :shared_preferences_android:processDebugJavaRes (Thread[#2439,Execution worker,5,main]) started.
[        ] > Task :shared_preferences_android:processDebugJavaRes UP-TO-DATE
[        ] file or directory '/home/user/.pub-cache/hosted/pub.dev/shared_preferences_android-2.4.11/android/src/main/resources', not found
[        ] file or directory '/home/user/.pub-cache/hosted/pub.dev/shared_preferences_android-2.4.11/android/src/debug/resources', not found
[        ] file or directory '/home/user/.pub-cache/hosted/pub.dev/shared_preferences_android-2.4.11/android/src/main/resources', not found
[        ] file or directory '/home/user/.pub-cache/hosted/pub.dev/shared_preferences_android-2.4.11/android/src/debug/resources', not found
[        ] Caching disabled for task ':shared_preferences_android:processDebugJavaRes' because:
[        ]   Caching has been disabled for the task
[        ] Skipping task ':shared_preferences_android:processDebugJavaRes' as it is up-to-date.
[        ] work action resolve out (project :shared_preferences_android) (Thread[#2439,Execution worker,5,main]) started.
[        ] Resolve mutations for :sqflite_android:processDebugJavaRes (Thread[#2439,Execution worker,5,main]) started.
[        ] :sqflite_android:processDebugJavaRes (Thread[#2440,Execution worker Thread 2,5,main]) started.
[        ] > Task :sqflite_android:processDebugJavaRes NO-SOURCE
[        ] file or directory '/home/user/.pub-cache/hosted/pub.dev/sqflite_android-2.4.1/android/src/main/resources', not found
[        ] file or directory '/home/user/.pub-cache/hosted/pub.dev/sqflite_android-2.4.1/android/src/debug/resources', not found
[        ] Skipping task ':sqflite_android:processDebugJavaRes' as it has no source files and no previous output files.
[        ] work action resolve out (project :sqflite_android) (Thread[#2440,Execution worker Thread 2,5,main]) started.
[        ] Resolve mutations for :app:mergeDebugJavaResource (Thread[#2444,Execution worker Thread 6,5,main]) started.
[        ] :app:mergeDebugJavaResource (Thread[#2444,Execution worker Thread 6,5,main]) started.
[        ] > Task :app:mergeDebugJavaResource UP-TO-DATE
[        ] Caching disabled for task ':app:mergeDebugJavaResource' because:
[        ]   Caching has been disabled for the task
[        ] Skipping task ':app:mergeDebugJavaResource' as it is up-to-date.
[        ] Resolve mutations for :app:checkDebugDuplicateClasses (Thread[#2444,Execution worker Thread 6,5,main]) started.
[        ] :app:checkDebugDuplicateClasses (Thread[#2444,Execution worker Thread 6,5,main]) started.
[        ] > Task :app:checkDebugDuplicateClasses UP-TO-DATE
[        ] Caching disabled for task ':app:checkDebugDuplicateClasses' because:
[        ]   Caching has been disabled for the task
[        ] Skipping task ':app:checkDebugDuplicateClasses' as it is up-to-date.
[        ] Resolve mutations for :app:desugarDebugFileDependencies (Thread[#2444,Execution worker Thread 6,5,main]) started.
[        ] :app:desugarDebugFileDependencies (Thread[#2443,Execution worker Thread 5,5,main]) started.
[        ] > Task :app:desugarDebugFileDependencies UP-TO-DATE
[        ] Build cache key for task ':app:desugarDebugFileDependencies' is c147844a3b8f197b94e7835614a361d8
[        ] Skipping task ':app:desugarDebugFileDependencies' as it is up-to-date.
[        ] Resolve mutations for :app:mergeExtDexDebug (Thread[#2443,Execution worker Thread 5,5,main]) started.
[        ] :app:mergeExtDexDebug (Thread[#2443,Execution worker Thread 5,5,main]) started.
[        ] > Task :app:mergeExtDexDebug UP-TO-DATE
[        ] Build cache key for task ':app:mergeExtDexDebug' is 234986b59d254c563034794fa11b94f7
[        ] Skipping task ':app:mergeExtDexDebug' as it is up-to-date.
[        ] Resolve mutations for :path_provider_android:bundleLibRuntimeToDirDebug (Thread[#2443,Execution worker Thread 5,5,main]) started.
[        ] :path_provider_android:bundleLibRuntimeToDirDebug (Thread[#2443,Execution worker Thread 5,5,main]) started.
[        ] > Task :path_provider_android:bundleLibRuntimeToDirDebug UP-TO-DATE
[        ] Caching disabled for task ':path_provider_android:bundleLibRuntimeToDirDebug' because:
[        ]   Simple merging task
[        ] Skipping task ':path_provider_android:bundleLibRuntimeToDirDebug' as it is up-to-date.
[        ] work action resolve bundleLibRuntimeToDirDebug (project :path_provider_android) (Thread[#2443,Execution worker Thread 5,5,main]) started.
[        ] Resolve mutations for :shared_preferences_android:bundleLibRuntimeToDirDebug (Thread[#2443,Execution worker Thread 5,5,main]) started.
[        ] ClassesDirToClassesTransform (Thread[#2440,Execution worker Thread 2,5,main]) started.
[        ] :shared_preferences_android:bundleLibRuntimeToDirDebug (Thread[#2443,Execution worker Thread 5,5,main]) started.
[        ] DexingNoClasspathTransform (Thread[#2440,Execution worker Thread 2,5,main]) started.
[        ] > Task :shared_preferences_android:bundleLibRuntimeToDirDebug UP-TO-DATE
[        ] Caching disabled for task ':shared_preferences_android:bundleLibRuntimeToDirDebug' because:
[        ]   Simple merging task
[        ] Skipping task ':shared_preferences_android:bundleLibRuntimeToDirDebug' as it is up-to-date.
[        ] work action resolve bundleLibRuntimeToDirDebug (project :shared_preferences_android) (Thread[#2443,Execution worker Thread 5,5,main]) started.
[        ] ClassesDirToClassesTransform (Thread[#2443,Execution worker Thread 5,5,main]) started.
[        ] Resolve mutations for :sqflite_android:bundleLibRuntimeToDirDebug (Thread[#2441,Execution worker Thread 3,5,main]) started.
[        ] :sqflite_android:bundleLibRuntimeToDirDebug (Thread[#2441,Execution worker Thread 3,5,main]) started.
[        ] > Transform bundleLibRuntimeToDirDebug (project :path_provider_android) with DexingNoClasspathTransform
[        ] Build cache key for DexingNoClasspathTransform: /home/user/myapp/build/path_provider_android/intermediates/runtime_library_classes_dir/debug/bundleLibRuntimeToDirDebug is 314c11d7df868c91f681efe3c2fe7c59
[        ] Skipping DexingNoClasspathTransform: /home/user/myapp/build/path_provider_android/intermediates/runtime_library_classes_dir/debug/bundleLibRuntimeToDirDebug as it is up-to-date.
[        ] DexingNoClasspathTransform (Thread[#2443,Execution worker Thread 5,5,main]) started.
[        ] > Task :sqflite_android:bundleLibRuntimeToDirDebug UP-TO-DATE
[        ] Caching disabled for task ':sqflite_android:bundleLibRuntimeToDirDebug' because:
[        ]   Simple merging task
[        ] Skipping task ':sqflite_android:bundleLibRuntimeToDirDebug' as it is up-to-date.
[        ] work action resolve bundleLibRuntimeToDirDebug (project :sqflite_android) (Thread[#2441,Execution worker Thread 3,5,main]) started.
[        ] ClassesDirToClassesTransform (Thread[#2441,Execution worker Thread 3,5,main]) started.
[        ] DexingNoClasspathTransform (Thread[#2441,Execution worker Thread 3,5,main]) started.
[        ] Resolve mutations for :app:dexBuilderDebug (Thread[#2440,Execution worker Thread 2,5,main]) started.
[        ] :app:dexBuilderDebug (Thread[#2440,Execution worker Thread 2,5,main]) started.
[        ] > Transform bundleLibRuntimeToDirDebug (project :sqflite_android) with DexingNoClasspathTransform
[        ] Build cache key for DexingNoClasspathTransform: /home/user/myapp/build/sqflite_android/intermediates/runtime_library_classes_dir/debug/bundleLibRuntimeToDirDebug is 96a1fd831f9148dfc15651ea1ea64767
[        ] Skipping DexingNoClasspathTransform: /home/user/myapp/build/sqflite_android/intermediates/runtime_library_classes_dir/debug/bundleLibRuntimeToDirDebug as it is up-to-date.
[        ] > Transform bundleLibRuntimeToDirDebug (project :shared_preferences_android) with DexingNoClasspathTransform
[        ] Build cache key for DexingNoClasspathTransform: /home/user/myapp/build/shared_preferences_android/intermediates/runtime_library_classes_dir/debug/bundleLibRuntimeToDirDebug is dc962c0e31cf64c182c52afc44731bba
[        ] Skipping DexingNoClasspathTransform: /home/user/myapp/build/shared_preferences_android/intermediates/runtime_library_classes_dir/debug/bundleLibRuntimeToDirDebug as it is up-to-date.
[        ] > Task :app:dexBuilderDebug UP-TO-DATE
[        ] Build cache key for task ':app:dexBuilderDebug' is 326b793174f5700fbaf354ac19a02147
[        ] Skipping task ':app:dexBuilderDebug' as it is up-to-date.
[        ] Resolve mutations for :app:mergeLibDexDebug (Thread[#2440,Execution worker Thread 2,5,main]) started.
[        ] :app:mergeLibDexDebug (Thread[#2440,Execution worker Thread 2,5,main]) started.
[        ] > Task :app:mergeLibDexDebug UP-TO-DATE
[        ] Build cache key for task ':app:mergeLibDexDebug' is c7cb6413d25350dcf6b4f0a102c32847
[        ] Skipping task ':app:mergeLibDexDebug' as it is up-to-date.
[        ] Resolve mutations for :app:mergeProjectDexDebug (Thread[#2440,Execution worker Thread 2,5,main]) started.
[        ] :app:mergeProjectDexDebug (Thread[#2440,Execution worker Thread 2,5,main]) started.
[        ] > Task :app:mergeProjectDexDebug UP-TO-DATE
[        ] Build cache key for task ':app:mergeProjectDexDebug' is 3512edc8143d89287ff5de1d99dbad94
[        ] Skipping task ':app:mergeProjectDexDebug' as it is up-to-date.
[        ] Resolve mutations for :app:configureCMakeDebug[arm64-v8a] (Thread[#2440,Execution worker Thread 2,5,main]) started.
[        ] :app:configureCMakeDebug[arm64-v8a] (Thread[#2440,Execution worker Thread 2,5,main]) started.
[        ] > Task :app:configureCMakeDebug[arm64-v8a]
[        ] Caching disabled for task ':app:configureCMakeDebug[arm64-v8a]' because:
[        ]   Caching has been disabled for the task
[        ] Task ':app:configureCMakeDebug[arm64-v8a]' is not up-to-date because:
[        ]   Task.upToDateWhen is false.
[        ] C/C++: /home/user/myapp/android/app/src/main/cpp/CMakeLists.txt debug|arm64-v8a : Start JSON generation. Platform version: 24 min SDK version: arm64-v8a
[        ] C/C++: /home/user/myapp/android/app/src/main/cpp/CMakeLists.txt debug|arm64-v8a : JSON '/home/user/myapp/build/.cxx/debug/70a4b6g5/arm64-v8a/android_gradle_build.json' was up-to-date
[        ] C/C++: /home/user/myapp/android/app/src/main/cpp/CMakeLists.txt debug|arm64-v8a : JSON generation completed without problems
[        ] C/C++: /home/user/myapp/android/app/src/main/cpp/CMakeLists.txt debug|arm64-v8a : Writing build model to /home/user/myapp/build/app/intermediates/cxx/debug/70a4b6g5/logs/arm64-v8a/build_model.json
[        ] Resolve mutations for :app:buildCMakeDebug[arm64-v8a] (Thread[#2440,Execution worker Thread 2,5,main]) started.
[        ] :app:buildCMakeDebug[arm64-v8a] (Thread[#2440,Execution worker Thread 2,5,main]) started.
[  +83 ms] > Task :app:buildCMakeDebug[arm64-v8a]
[        ] Caching disabled for task ':app:buildCMakeDebug[arm64-v8a]' because:
[        ]   Caching has been disabled for the task
[        ] Task ':app:buildCMakeDebug[arm64-v8a]' is not up-to-date because:
[        ]   Task.upToDateWhen is false.
[        ] C/C++: starting build
[        ] C/C++: reading expected JSONs
[        ] C/C++: done reading expected JSONs
[        ] C/C++: executing build commands for targets that produce .so files or executables
[        ] C/C++: evaluate miniconfig
[        ] C/C++: evaluate library llama_bindings (arm64-v8a)
[        ] C/C++: building target library llama_bindings because no targets are specified.
[        ] C/C++: evaluate library llama (arm64-v8a)
[        ] C/C++: not building target library llama because static libraries are not build by default.
[        ] C/C++: about to build targets llama_bindings
[        ] C/C++: Build llama_bindings
[        ] C/C++: /home/user/.androidsdkroot/cmake/3.22.1/bin/ninja \
[        ]   -C \
[        ]   /home/user/myapp/build/.cxx/debug/70a4b6g5/arm64-v8a \
[        ]   llama_bindings
[        ] Starting process 'command '/home/user/.androidsdkroot/cmake/3.22.1/bin/ninja''. Working directory: /home/user/myapp/android Command: /home/user/.androidsdkroot/cmake/3.22.1/bin/ninja -C /home/user/myapp/build/.cxx/debug/70a4b6g5/arm64-v8a llama_bindings
[        ] Successfully started process 'command '/home/user/.androidsdkroot/cmake/3.22.1/bin/ninja''
[        ] C/C++: Received process result: 0
[        ] C/C++: check expected build outputs
[        ] C/C++: build complete
[        ] Resolve mutations for :app:configureCMakeDebug[armeabi-v7a] (Thread[#2440,Execution worker Thread 2,5,main]) started.
[        ] :app:configureCMakeDebug[armeabi-v7a] (Thread[#2440,Execution worker Thread 2,5,main]) started.
[        ] > Task :app:configureCMakeDebug[armeabi-v7a]
[        ] Caching disabled for task ':app:configureCMakeDebug[armeabi-v7a]' because:
[        ]   Caching has been disabled for the task
[        ] Task ':app:configureCMakeDebug[armeabi-v7a]' is not up-to-date because:
[        ]   Task.upToDateWhen is false.
[        ] C/C++: /home/user/myapp/android/app/src/main/cpp/CMakeLists.txt debug|armeabi-v7a : Start JSON generation. Platform version: 24 min SDK version: armeabi-v7a
[        ] C/C++: /home/user/myapp/android/app/src/main/cpp/CMakeLists.txt debug|armeabi-v7a : JSON '/home/user/myapp/build/.cxx/debug/70a4b6g5/armeabi-v7a/android_gradle_build.json' was up-to-date
[        ] C/C++: /home/user/myapp/android/app/src/main/cpp/CMakeLists.txt debug|armeabi-v7a : JSON generation completed without problems
[        ] C/C++: /home/user/myapp/android/app/src/main/cpp/CMakeLists.txt debug|armeabi-v7a : Writing build model to /home/user/myapp/build/app/intermediates/cxx/debug/70a4b6g5/logs/armeabi-v7a/build_model.json
[        ] Resolve mutations for :app:buildCMakeDebug[armeabi-v7a] (Thread[#2440,Execution worker Thread 2,5,main]) started.
[        ] :app:buildCMakeDebug[armeabi-v7a] (Thread[#2440,Execution worker Thread 2,5,main]) started.
[  +96 ms] > Task :app:buildCMakeDebug[armeabi-v7a]
[        ] Caching disabled for task ':app:buildCMakeDebug[armeabi-v7a]' because:
[        ]   Caching has been disabled for the task
[        ] Task ':app:buildCMakeDebug[armeabi-v7a]' is not up-to-date because:
[        ]   Task.upToDateWhen is false.
[        ] C/C++: starting build
[        ] C/C++: reading expected JSONs
[        ] C/C++: done reading expected JSONs
[        ] C/C++: executing build commands for targets that produce .so files or executables
[        ] C/C++: evaluate miniconfig
[        ] C/C++: evaluate library llama_bindings (armeabi-v7a)
[        ] C/C++: building target library llama_bindings because no targets are specified.
[        ] C/C++: evaluate library llama (armeabi-v7a)
[        ] C/C++: not building target library llama because static libraries are not build by default.
[        ] C/C++: about to build targets llama_bindings
[        ] C/C++: Build llama_bindings
[        ] C/C++: /home/user/.androidsdkroot/cmake/3.22.1/bin/ninja \
[        ]   -C \
[        ]   /home/user/myapp/build/.cxx/debug/70a4b6g5/armeabi-v7a \
[        ]   llama_bindings
[        ] Starting process 'command '/home/user/.androidsdkroot/cmake/3.22.1/bin/ninja''. Working directory: /home/user/myapp/android Command: /home/user/.androidsdkroot/cmake/3.22.1/bin/ninja -C /home/user/myapp/build/.cxx/debug/70a4b6g5/armeabi-v7a llama_bindings
[        ] Successfully started process 'command '/home/user/.androidsdkroot/cmake/3.22.1/bin/ninja''
[        ] C/C++: Received process result: 0
[        ] C/C++: check expected build outputs
[        ] C/C++: build complete
[        ] Resolve mutations for :app:configureCMakeDebug[x86_64] (Thread[#2440,Execution worker Thread 2,5,main]) started.
[        ] :app:configureCMakeDebug[x86_64] (Thread[#2440,Execution worker Thread 2,5,main]) started.
[        ] > Task :app:configureCMakeDebug[x86_64]
[        ] Caching disabled for task ':app:configureCMakeDebug[x86_64]' because:
[        ]   Caching has been disabled for the task
[        ] Task ':app:configureCMakeDebug[x86_64]' is not up-to-date because:
[        ]   Task.upToDateWhen is false.
[        ] C/C++: /home/user/myapp/android/app/src/main/cpp/CMakeLists.txt debug|x86_64 : Start JSON generation. Platform version: 24 min SDK version: x86_64
[        ] C/C++: /home/user/myapp/android/app/src/main/cpp/CMakeLists.txt debug|x86_64 : JSON '/home/user/myapp/build/.cxx/debug/70a4b6g5/x86_64/android_gradle_build.json' was up-to-date
[        ] C/C++: /home/user/myapp/android/app/src/main/cpp/CMakeLists.txt debug|x86_64 : JSON generation completed without problems
[        ] C/C++: /home/user/myapp/android/app/src/main/cpp/CMakeLists.txt debug|x86_64 : Writing build model to /home/user/myapp/build/app/intermediates/cxx/debug/70a4b6g5/logs/x86_64/build_model.json
[        ] Resolve mutations for :app:buildCMakeDebug[x86_64] (Thread[#2440,Execution worker Thread 2,5,main]) started.
[        ] :app:buildCMakeDebug[x86_64] (Thread[#2440,Execution worker Thread 2,5,main]) started.
[  +96 ms] > Task :app:buildCMakeDebug[x86_64]
[        ] Caching disabled for task ':app:buildCMakeDebug[x86_64]' because:
[        ]   Caching has been disabled for the task
[        ] Task ':app:buildCMakeDebug[x86_64]' is not up-to-date because:
[        ]   Task.upToDateWhen is false.
[        ] C/C++: starting build
[        ] C/C++: reading expected JSONs
[        ] C/C++: done reading expected JSONs
[        ] C/C++: executing build commands for targets that produce .so files or executables
[        ] C/C++: evaluate miniconfig
[        ] C/C++: evaluate library llama_bindings (x86_64)
[        ] C/C++: building target library llama_bindings because no targets are specified.
[        ] C/C++: evaluate library llama (x86_64)
[        ] C/C++: not building target library llama because static libraries are not build by default.
[        ] C/C++: about to build targets llama_bindings
[        ] C/C++: Build llama_bindings
[        ] C/C++: /home/user/.androidsdkroot/cmake/3.22.1/bin/ninja \
[        ]   -C \
[        ]   /home/user/myapp/build/.cxx/debug/70a4b6g5/x86_64 \
[        ]   llama_bindings
[        ] Starting process 'command '/home/user/.androidsdkroot/cmake/3.22.1/bin/ninja''. Working directory: /home/user/myapp/android Command: /home/user/.androidsdkroot/cmake/3.22.1/bin/ninja -C /home/user/myapp/build/.cxx/debug/70a4b6g5/x86_64 llama_bindings
[        ] Successfully started process 'command '/home/user/.androidsdkroot/cmake/3.22.1/bin/ninja''
[        ] C/C++: Received process result: 0
[        ] C/C++: check expected build outputs
[        ] C/C++: build complete
[        ] Resolve mutations for :app:mergeDebugJniLibFolders (Thread[#2445,Execution worker Thread 7,5,main]) started.
[        ] :app:mergeDebugJniLibFolders (Thread[#2445,Execution worker Thread 7,5,main]) started.
[        ] > Task :app:mergeDebugJniLibFolders UP-TO-DATE
[        ] Caching disabled for task ':app:mergeDebugJniLibFolders' because:
[        ]   Simple merging task
[        ] Skipping task ':app:mergeDebugJniLibFolders' as it is up-to-date.
[        ] Resolve mutations for :path_provider_android:mergeDebugJniLibFolders (Thread[#2445,Execution worker Thread 7,5,main]) started.
[        ] :path_provider_android:mergeDebugJniLibFolders (Thread[#2438,included builds,5,main]) started.
[        ] > Task :path_provider_android:mergeDebugJniLibFolders UP-TO-DATE
[        ] Caching disabled for task ':path_provider_android:mergeDebugJniLibFolders' because:
[        ]   Simple merging task
[        ] Skipping task ':path_provider_android:mergeDebugJniLibFolders' as it is up-to-date.
[        ] Resolve mutations for :path_provider_android:mergeDebugNativeLibs (Thread[#2438,included builds,5,main]) started.
[        ] :path_provider_android:mergeDebugNativeLibs (Thread[#2438,included builds,5,main]) started.
[        ] > Task :path_provider_android:mergeDebugNativeLibs NO-SOURCE
[        ] Skipping task ':path_provider_android:mergeDebugNativeLibs' as it has no source files and no previous output files.
[        ] Resolve mutations for :path_provider_android:copyDebugJniLibsProjectOnly (Thread[#2438,included builds,5,main]) started.
[        ] :path_provider_android:copyDebugJniLibsProjectOnly (Thread[#2438,included builds,5,main]) started.
[        ] > Task :path_provider_android:copyDebugJniLibsProjectOnly UP-TO-DATE
[        ] Caching disabled for task ':path_provider_android:copyDebugJniLibsProjectOnly' because:
[        ]   Caching has been disabled for the task
[        ] Skipping task ':path_provider_android:copyDebugJniLibsProjectOnly' as it is up-to-date.
[        ] work action resolve jni (project :path_provider_android) (Thread[#2438,included builds,5,main]) started.
[        ] Resolve mutations for :shared_preferences_android:mergeDebugJniLibFolders (Thread[#2438,included builds,5,main]) started.
[        ] :shared_preferences_android:mergeDebugJniLibFolders (Thread[#2438,included builds,5,main]) started.
[        ] > Task :shared_preferences_android:mergeDebugJniLibFolders UP-TO-DATE
[        ] Caching disabled for task ':shared_preferences_android:mergeDebugJniLibFolders' because:
[        ]   Simple merging task
[        ] Skipping task ':shared_preferences_android:mergeDebugJniLibFolders' as it is up-to-date.
[        ] Resolve mutations for :shared_preferences_android:mergeDebugNativeLibs (Thread[#2438,included builds,5,main]) started.
[        ] :shared_preferences_android:mergeDebugNativeLibs (Thread[#2438,included builds,5,main]) started.
[        ] > Task :shared_preferences_android:mergeDebugNativeLibs NO-SOURCE
[        ] Skipping task ':shared_preferences_android:mergeDebugNativeLibs' as it has no source files and no previous output files.
[        ] Resolve mutations for :shared_preferences_android:copyDebugJniLibsProjectOnly (Thread[#2438,included builds,5,main]) started.
[        ] :shared_preferences_android:copyDebugJniLibsProjectOnly (Thread[#2439,Execution worker,5,main]) started.
[        ] > Task :shared_preferences_android:copyDebugJniLibsProjectOnly UP-TO-DATE
[        ] Caching disabled for task ':shared_preferences_android:copyDebugJniLibsProjectOnly' because:
[        ]   Caching has been disabled for the task
[        ] Skipping task ':shared_preferences_android:copyDebugJniLibsProjectOnly' as it is up-to-date.
[        ] work action resolve jni (project :shared_preferences_android) (Thread[#2439,Execution worker,5,main]) started.
[        ] Resolve mutations for :sqflite_android:mergeDebugJniLibFolders (Thread[#2439,Execution worker,5,main]) started.
[        ] :sqflite_android:mergeDebugJniLibFolders (Thread[#2439,Execution worker,5,main]) started.
[        ] > Task :sqflite_android:mergeDebugJniLibFolders UP-TO-DATE
[        ] Caching disabled for task ':sqflite_android:mergeDebugJniLibFolders' because:
[        ]   Simple merging task
[        ] Skipping task ':sqflite_android:mergeDebugJniLibFolders' as it is up-to-date.
[        ] Resolve mutations for :sqflite_android:mergeDebugNativeLibs (Thread[#2439,Execution worker,5,main]) started.
[        ] :sqflite_android:mergeDebugNativeLibs (Thread[#2439,Execution worker,5,main]) started.
[        ] > Task :sqflite_android:mergeDebugNativeLibs NO-SOURCE
[        ] Skipping task ':sqflite_android:mergeDebugNativeLibs' as it has no source files and no previous output files.
[        ] Resolve mutations for :sqflite_android:copyDebugJniLibsProjectOnly (Thread[#2439,Execution worker,5,main]) started.
[        ] :sqflite_android:copyDebugJniLibsProjectOnly (Thread[#2439,Execution worker,5,main]) started.
[        ] > Task :sqflite_android:copyDebugJniLibsProjectOnly UP-TO-DATE
[        ] Caching disabled for task ':sqflite_android:copyDebugJniLibsProjectOnly' because:
[        ]   Caching has been disabled for the task
[        ] Skipping task ':sqflite_android:copyDebugJniLibsProjectOnly' as it is up-to-date.
[        ] work action resolve jni (project :sqflite_android) (Thread[#2439,Execution worker,5,main]) started.
[        ] Resolve mutations for :app:mergeDebugNativeLibs (Thread[#2442,Execution worker Thread 4,5,main]) started.
[        ] :app:mergeDebugNativeLibs (Thread[#2442,Execution worker Thread 4,5,main]) started.
[+1393 ms] > Task :app:mergeDebugNativeLibs UP-TO-DATE
[        ] Caching disabled for task ':app:mergeDebugNativeLibs' because:
[        ]   Caching has been disabled for the task
[        ] Skipping task ':app:mergeDebugNativeLibs' as it is up-to-date.
[        ] Resolve mutations for :app:stripDebugDebugSymbols (Thread[#2442,Execution worker Thread 4,5,main]) started.
[        ] :app:stripDebugDebugSymbols (Thread[#2441,Execution worker Thread 3,5,main]) started.
[  +97 ms] Resolve mutations for :app:validateSigningDebug (Thread[#2442,Execution worker Thread 4,5,main]) started.
[        ] :app:validateSigningDebug (Thread[#2442,Execution worker Thread 4,5,main]) started.
[        ] > Task :app:validateSigningDebug UP-TO-DATE
[        ] Caching disabled for task ':app:validateSigningDebug' because:
[        ]   Caching has been disabled for the task
[        ] Skipping task ':app:validateSigningDebug' as it is up-to-date.
[        ] Resolve mutations for :app:writeDebugAppMetadata (Thread[#2442,Execution worker Thread 4,5,main]) started.
[        ] :app:writeDebugAppMetadata (Thread[#2439,Execution worker,5,main]) started.
[        ] > Task :app:writeDebugAppMetadata UP-TO-DATE
[        ] Caching disabled for task ':app:writeDebugAppMetadata' because:
[        ]   Caching has been disabled for the task
[        ] Skipping task ':app:writeDebugAppMetadata' as it is up-to-date.
[        ] Resolve mutations for :app:writeDebugSigningConfigVersions (Thread[#2439,Execution worker,5,main]) started.
[        ] :app:writeDebugSigningConfigVersions (Thread[#2439,Execution worker,5,main]) started.
[        ] > Task :app:writeDebugSigningConfigVersions UP-TO-DATE
[        ] Caching disabled for task ':app:writeDebugSigningConfigVersions' because:
[        ]   Caching has been disabled for the task
[        ] Skipping task ':app:writeDebugSigningConfigVersions' as it is up-to-date.
[        ] Resolve mutations for :path_provider_android:stripDebugDebugSymbols (Thread[#2439,Execution worker,5,main]) started.
[        ] :path_provider_android:stripDebugDebugSymbols (Thread[#2439,Execution worker,5,main]) started.
[        ] > Task :path_provider_android:stripDebugDebugSymbols NO-SOURCE
[        ] Skipping task ':path_provider_android:stripDebugDebugSymbols' as it has no source files and no previous output files.
[        ] Resolve mutations for :path_provider_android:copyDebugJniLibsProjectAndLocalJars (Thread[#2439,Execution worker,5,main]) started.
[        ] :path_provider_android:copyDebugJniLibsProjectAndLocalJars (Thread[#2439,Execution worker,5,main]) started.
[        ] > Task :path_provider_android:copyDebugJniLibsProjectAndLocalJars UP-TO-DATE
[        ] Caching disabled for task ':path_provider_android:copyDebugJniLibsProjectAndLocalJars' because:
[        ]   Caching has been disabled for the task
[        ] Skipping task ':path_provider_android:copyDebugJniLibsProjectAndLocalJars' as it is up-to-date.
[        ] Resolve mutations for :path_provider_android:extractDebugAnnotations (Thread[#2439,Execution worker,5,main]) started.
[        ] :path_provider_android:extractDebugAnnotations (Thread[#2439,Execution worker,5,main]) started.
[        ] > Task :path_provider_android:extractDebugAnnotations UP-TO-DATE
[        ] Build cache key for task ':path_provider_android:extractDebugAnnotations' is 35afebd0c99a9dbf775d1c21cdcb762b
[        ] Skipping task ':path_provider_android:extractDebugAnnotations' as it is up-to-date.
[        ] Resolve mutations for :path_provider_android:extractDeepLinksForAarDebug (Thread[#2439,Execution worker,5,main]) started.
[        ] :path_provider_android:extractDeepLinksForAarDebug (Thread[#2439,Execution worker,5,main]) started.
[        ] > Task :path_provider_android:extractDeepLinksForAarDebug UP-TO-DATE
[        ] Build cache key for task ':path_provider_android:extractDeepLinksForAarDebug' is 2db027e6ab8d81d2f31d64ae39cbe1e1
[        ] Skipping task ':path_provider_android:extractDeepLinksForAarDebug' as it is up-to-date.
[        ] Resolve mutations for :path_provider_android:mergeDebugGeneratedProguardFiles (Thread[#2439,Execution worker,5,main]) started.
[        ] :path_provider_android:mergeDebugGeneratedProguardFiles (Thread[#2439,Execution worker,5,main]) started.
[        ] > Task :path_provider_android:mergeDebugGeneratedProguardFiles UP-TO-DATE
[        ] Caching disabled for task ':path_provider_android:mergeDebugGeneratedProguardFiles' because:
[        ]   Simple merging task
[        ] Skipping task ':path_provider_android:mergeDebugGeneratedProguardFiles' as it is up-to-date.
[        ] Resolve mutations for :path_provider_android:mergeDebugConsumerProguardFiles (Thread[#2439,Execution worker,5,main]) started.
[        ] :path_provider_android:mergeDebugConsumerProguardFiles (Thread[#2439,Execution worker,5,main]) started.
[        ] > Task :path_provider_android:mergeDebugConsumerProguardFiles UP-TO-DATE
[        ] Caching disabled for task ':path_provider_android:mergeDebugConsumerProguardFiles' because:
[        ]   Simple merging task
[        ] Skipping task ':path_provider_android:mergeDebugConsumerProguardFiles' as it is up-to-date.
[        ] Resolve mutations for :path_provider_android:prepareDebugArtProfile (Thread[#2439,Execution worker,5,main]) started.
[        ] :path_provider_android:prepareDebugArtProfile (Thread[#2439,Execution worker,5,main]) started.
[        ] > Task :path_provider_android:prepareDebugArtProfile UP-TO-DATE
[        ] Caching disabled for task ':path_provider_android:prepareDebugArtProfile' because:
[        ]   Caching has been disabled for the task
[        ] Skipping task ':path_provider_android:prepareDebugArtProfile' as it is up-to-date.
[        ] Resolve mutations for :path_provider_android:prepareLintJarForPublish (Thread[#2439,Execution worker,5,main]) started.
[        ] :path_provider_android:prepareLintJarForPublish (Thread[#2439,Execution worker,5,main]) started.
[        ] > Task :path_provider_android:prepareLintJarForPublish UP-TO-DATE
[        ] Caching disabled for task ':path_provider_android:prepareLintJarForPublish' because:
[        ]   Caching has been disabled for the task
[        ] Skipping task ':path_provider_android:prepareLintJarForPublish' as it is up-to-date.
[        ] Resolve mutations for :path_provider_android:mergeDebugJavaResource (Thread[#2439,Execution worker,5,main]) started.
[        ] :path_provider_android:mergeDebugJavaResource (Thread[#2439,Execution worker,5,main]) started.
[        ] > Task :path_provider_android:mergeDebugJavaResource UP-TO-DATE
[        ] Caching disabled for task ':path_provider_android:mergeDebugJavaResource' because:
[        ]   Caching has been disabled for the task
[        ] Skipping task ':path_provider_android:mergeDebugJavaResource' as it is up-to-date.
[        ] Resolve mutations for :path_provider_android:syncDebugLibJars (Thread[#2439,Execution worker,5,main]) started.
[        ] :path_provider_android:syncDebugLibJars (Thread[#2439,Execution worker,5,main]) started.
[        ] > Task :path_provider_android:syncDebugLibJars UP-TO-DATE
[        ] Build cache key for task ':path_provider_android:syncDebugLibJars' is 25a0fc1601e270bace766038eb615c2c
[        ] Skipping task ':path_provider_android:syncDebugLibJars' as it is up-to-date.
[        ] Resolve mutations for :path_provider_android:bundleDebugAar (Thread[#2439,Execution worker,5,main]) started.
[        ] :path_provider_android:bundleDebugAar (Thread[#2439,Execution worker,5,main]) started.
[        ] > Task :path_provider_android:bundleDebugAar UP-TO-DATE
[        ] Caching disabled for task ':path_provider_android:bundleDebugAar' because:
[        ]   Caching has been disabled for the task
[        ] Skipping task ':path_provider_android:bundleDebugAar' as it is up-to-date.
[        ] Resolve mutations for :path_provider_android:assembleDebug (Thread[#2439,Execution worker,5,main]) started.
[        ] :path_provider_android:assembleDebug (Thread[#2439,Execution worker,5,main]) started.
[        ] > Task :path_provider_android:assembleDebug UP-TO-DATE
[        ] Skipping task ':path_provider_android:assembleDebug' as it has no actions.
[        ] Resolve mutations for :shared_preferences_android:stripDebugDebugSymbols (Thread[#2439,Execution worker,5,main]) started.
[        ] :shared_preferences_android:stripDebugDebugSymbols (Thread[#2439,Execution worker,5,main]) started.
[        ] > Task :shared_preferences_android:stripDebugDebugSymbols NO-SOURCE
[        ] Skipping task ':shared_preferences_android:stripDebugDebugSymbols' as it has no source files and no previous output files.
[        ] Resolve mutations for :shared_preferences_android:copyDebugJniLibsProjectAndLocalJars (Thread[#2439,Execution worker,5,main]) started.
[        ] :shared_preferences_android:copyDebugJniLibsProjectAndLocalJars (Thread[#2439,Execution worker,5,main]) started.
[        ] > Task :shared_preferences_android:copyDebugJniLibsProjectAndLocalJars UP-TO-DATE
[        ] Caching disabled for task ':shared_preferences_android:copyDebugJniLibsProjectAndLocalJars' because:
[        ]   Caching has been disabled for the task
[        ] Skipping task ':shared_preferences_android:copyDebugJniLibsProjectAndLocalJars' as it is up-to-date.
[   +3 ms] Resolve mutations for :shared_preferences_android:extractDebugAnnotations (Thread[#2439,Execution worker,5,main]) started.
[        ] :shared_preferences_android:extractDebugAnnotations (Thread[#2439,Execution worker,5,main]) started.
[        ] > Task :shared_preferences_android:extractDebugAnnotations UP-TO-DATE
[        ] Build cache key for task ':shared_preferences_android:extractDebugAnnotations' is d41493fd60880dccc896f5d82e83c7d8
[        ] Skipping task ':shared_preferences_android:extractDebugAnnotations' as it is up-to-date.
[        ] Resolve mutations for :shared_preferences_android:extractDeepLinksForAarDebug (Thread[#2439,Execution worker,5,main]) started.
[        ] :shared_preferences_android:extractDeepLinksForAarDebug (Thread[#2439,Execution worker,5,main]) started.
[        ] > Task :shared_preferences_android:extractDeepLinksForAarDebug UP-TO-DATE
[        ] Build cache key for task ':shared_preferences_android:extractDeepLinksForAarDebug' is 2db027e6ab8d81d2f31d64ae39cbe1e1
[        ] Skipping task ':shared_preferences_android:extractDeepLinksForAarDebug' as it is up-to-date.
[        ] Resolve mutations for :shared_preferences_android:mergeDebugGeneratedProguardFiles (Thread[#2439,Execution worker,5,main]) started.
[        ] :shared_preferences_android:mergeDebugGeneratedProguardFiles (Thread[#2439,Execution worker,5,main]) started.
[        ] > Task :shared_preferences_android:mergeDebugGeneratedProguardFiles UP-TO-DATE
[        ] Caching disabled for task ':shared_preferences_android:mergeDebugGeneratedProguardFiles' because:
[        ]   Simple merging task
[        ] Skipping task ':shared_preferences_android:mergeDebugGeneratedProguardFiles' as it is up-to-date.
[        ] Resolve mutations for :shared_preferences_android:mergeDebugConsumerProguardFiles (Thread[#2439,Execution worker,5,main]) started.
[        ] :shared_preferences_android:mergeDebugConsumerProguardFiles (Thread[#2439,Execution worker,5,main]) started.
[        ] > Task :shared_preferences_android:mergeDebugConsumerProguardFiles UP-TO-DATE
[        ] Caching disabled for task ':shared_preferences_android:mergeDebugConsumerProguardFiles' because:
[        ]   Simple merging task
[        ] Skipping task ':shared_preferences_android:mergeDebugConsumerProguardFiles' as it is up-to-date.
[        ] Resolve mutations for :shared_preferences_android:prepareDebugArtProfile (Thread[#2439,Execution worker,5,main]) started.
[        ] :shared_preferences_android:prepareDebugArtProfile (Thread[#2439,Execution worker,5,main]) started.
[        ] > Task :shared_preferences_android:prepareDebugArtProfile UP-TO-DATE
[        ] Caching disabled for task ':shared_preferences_android:prepareDebugArtProfile' because:
[        ]   Caching has been disabled for the task
[        ] Skipping task ':shared_preferences_android:prepareDebugArtProfile' as it is up-to-date.
[        ] Resolve mutations for :shared_preferences_android:prepareLintJarForPublish (Thread[#2439,Execution worker,5,main]) started.
[        ] :shared_preferences_android:prepareLintJarForPublish (Thread[#2439,Execution worker,5,main]) started.
[        ] > Task :shared_preferences_android:prepareLintJarForPublish UP-TO-DATE
[        ] Caching disabled for task ':shared_preferences_android:prepareLintJarForPublish' because:
[        ]   Caching has been disabled for the task
[        ] Skipping task ':shared_preferences_android:prepareLintJarForPublish' as it is up-to-date.
[        ] Resolve mutations for :shared_preferences_android:mergeDebugJavaResource (Thread[#2439,Execution worker,5,main]) started.
[        ] :shared_preferences_android:mergeDebugJavaResource (Thread[#2439,Execution worker,5,main]) started.
[        ] > Task :shared_preferences_android:mergeDebugJavaResource UP-TO-DATE
[        ] Caching disabled for task ':shared_preferences_android:mergeDebugJavaResource' because:
[        ]   Caching has been disabled for the task
[        ] Skipping task ':shared_preferences_android:mergeDebugJavaResource' as it is up-to-date.
[        ] Resolve mutations for :shared_preferences_android:syncDebugLibJars (Thread[#2439,Execution worker,5,main]) started.
[        ] :shared_preferences_android:syncDebugLibJars (Thread[#2439,Execution worker,5,main]) started.
[        ] > Task :shared_preferences_android:syncDebugLibJars UP-TO-DATE
[        ] Build cache key for task ':shared_preferences_android:syncDebugLibJars' is 73ff4f260b0b68e93795ebd0f4109058
[        ] Skipping task ':shared_preferences_android:syncDebugLibJars' as it is up-to-date.
[        ] Resolve mutations for :shared_preferences_android:bundleDebugAar (Thread[#2439,Execution worker,5,main]) started.
[        ] :shared_preferences_android:bundleDebugAar (Thread[#2439,Execution worker,5,main]) started.
[        ] > Task :shared_preferences_android:bundleDebugAar UP-TO-DATE
[        ] Caching disabled for task ':shared_preferences_android:bundleDebugAar' because:
[        ]   Caching has been disabled for the task
[        ] Skipping task ':shared_preferences_android:bundleDebugAar' as it is up-to-date.
[        ] Resolve mutations for :shared_preferences_android:assembleDebug (Thread[#2439,Execution worker,5,main]) started.
[        ] :shared_preferences_android:assembleDebug (Thread[#2439,Execution worker,5,main]) started.
[        ] > Task :shared_preferences_android:assembleDebug UP-TO-DATE
[        ] Skipping task ':shared_preferences_android:assembleDebug' as it has no actions.
[        ] Resolve mutations for :sqflite_android:stripDebugDebugSymbols (Thread[#2439,Execution worker,5,main]) started.
[        ] :sqflite_android:stripDebugDebugSymbols (Thread[#2439,Execution worker,5,main]) started.
[        ] > Task :sqflite_android:stripDebugDebugSymbols NO-SOURCE
[        ] Skipping task ':sqflite_android:stripDebugDebugSymbols' as it has no source files and no previous output files.
[        ] Resolve mutations for :sqflite_android:copyDebugJniLibsProjectAndLocalJars (Thread[#2439,Execution worker,5,main]) started.
[        ] :sqflite_android:copyDebugJniLibsProjectAndLocalJars (Thread[#2439,Execution worker,5,main]) started.
[        ] > Task :sqflite_android:copyDebugJniLibsProjectAndLocalJars UP-TO-DATE
[        ] Caching disabled for task ':sqflite_android:copyDebugJniLibsProjectAndLocalJars' because:
[        ]   Caching has been disabled for the task
[        ] Skipping task ':sqflite_android:copyDebugJniLibsProjectAndLocalJars' as it is up-to-date.
[        ] Resolve mutations for :sqflite_android:extractDebugAnnotations (Thread[#2439,Execution worker,5,main]) started.
[        ] :sqflite_android:extractDebugAnnotations (Thread[#2439,Execution worker,5,main]) started.
[        ] > Task :sqflite_android:extractDebugAnnotations UP-TO-DATE
[        ] Build cache key for task ':sqflite_android:extractDebugAnnotations' is f759c713dd32eaa2ba876a129ddecd81
[        ] Skipping task ':sqflite_android:extractDebugAnnotations' as it is up-to-date.
[        ] Resolve mutations for :sqflite_android:extractDeepLinksForAarDebug (Thread[#2439,Execution worker,5,main]) started.
[        ] :sqflite_android:extractDeepLinksForAarDebug (Thread[#2439,Execution worker,5,main]) started.
[        ] > Task :sqflite_android:extractDeepLinksForAarDebug UP-TO-DATE
[        ] Build cache key for task ':sqflite_android:extractDeepLinksForAarDebug' is 2db027e6ab8d81d2f31d64ae39cbe1e1
[        ] Skipping task ':sqflite_android:extractDeepLinksForAarDebug' as it is up-to-date.
[        ] Resolve mutations for :sqflite_android:mergeDebugGeneratedProguardFiles (Thread[#2439,Execution worker,5,main]) started.
[        ] :sqflite_android:mergeDebugGeneratedProguardFiles (Thread[#2439,Execution worker,5,main]) started.
[        ] > Task :sqflite_android:mergeDebugGeneratedProguardFiles UP-TO-DATE
[        ] Caching disabled for task ':sqflite_android:mergeDebugGeneratedProguardFiles' because:
[        ]   Simple merging task
[        ] Skipping task ':sqflite_android:mergeDebugGeneratedProguardFiles' as it is up-to-date.
[        ] Resolve mutations for :sqflite_android:mergeDebugConsumerProguardFiles (Thread[#2439,Execution worker,5,main]) started.
[        ] :sqflite_android:mergeDebugConsumerProguardFiles (Thread[#2439,Execution worker,5,main]) started.
[        ] > Task :sqflite_android:mergeDebugConsumerProguardFiles UP-TO-DATE
[        ] Caching disabled for task ':sqflite_android:mergeDebugConsumerProguardFiles' because:
[        ]   Simple merging task
[        ] Skipping task ':sqflite_android:mergeDebugConsumerProguardFiles' as it is up-to-date.
[        ] Resolve mutations for :sqflite_android:prepareDebugArtProfile (Thread[#2439,Execution worker,5,main]) started.
[        ] :sqflite_android:prepareDebugArtProfile (Thread[#2439,Execution worker,5,main]) started.
[        ] > Task :sqflite_android:prepareDebugArtProfile UP-TO-DATE
[        ] Caching disabled for task ':sqflite_android:prepareDebugArtProfile' because:
[        ]   Caching has been disabled for the task
[        ] Skipping task ':sqflite_android:prepareDebugArtProfile' as it is up-to-date.
[        ] Resolve mutations for :sqflite_android:prepareLintJarForPublish (Thread[#2439,Execution worker,5,main]) started.
[        ] :sqflite_android:prepareLintJarForPublish (Thread[#2439,Execution worker,5,main]) started.
[        ] > Task :sqflite_android:prepareLintJarForPublish UP-TO-DATE
[        ] Caching disabled for task ':sqflite_android:prepareLintJarForPublish' because:
[        ]   Caching has been disabled for the task
[        ] Skipping task ':sqflite_android:prepareLintJarForPublish' as it is up-to-date.
[        ] Resolve mutations for :sqflite_android:mergeDebugJavaResource (Thread[#2439,Execution worker,5,main]) started.
[        ] :sqflite_android:mergeDebugJavaResource (Thread[#2439,Execution worker,5,main]) started.
[        ] > Task :sqflite_android:mergeDebugJavaResource UP-TO-DATE
[        ] Caching disabled for task ':sqflite_android:mergeDebugJavaResource' because:
[        ]   Caching has been disabled for the task
[        ] Skipping task ':sqflite_android:mergeDebugJavaResource' as it is up-to-date.
[        ] Resolve mutations for :sqflite_android:syncDebugLibJars (Thread[#2439,Execution worker,5,main]) started.
[        ] :sqflite_android:syncDebugLibJars (Thread[#2439,Execution worker,5,main]) started.
[        ] > Task :sqflite_android:syncDebugLibJars UP-TO-DATE
[        ] Build cache key for task ':sqflite_android:syncDebugLibJars' is e2c0f9ba9f2599d53d33596c2d71d8ef
[        ] Skipping task ':sqflite_android:syncDebugLibJars' as it is up-to-date.
[        ] Resolve mutations for :sqflite_android:bundleDebugAar (Thread[#2439,Execution worker,5,main]) started.
[        ] :sqflite_android:bundleDebugAar (Thread[#2439,Execution worker,5,main]) started.
[        ] > Task :sqflite_android:bundleDebugAar UP-TO-DATE
[        ] Caching disabled for task ':sqflite_android:bundleDebugAar' because:
[        ]   Caching has been disabled for the task
[        ] Skipping task ':sqflite_android:bundleDebugAar' as it is up-to-date.
[        ] Resolve mutations for :sqflite_android:assembleDebug (Thread[#2439,Execution worker,5,main]) started.
[        ] :sqflite_android:assembleDebug (Thread[#2439,Execution worker,5,main]) started.
[        ] > Task :sqflite_android:assembleDebug UP-TO-DATE
[        ] Skipping task ':sqflite_android:assembleDebug' as it has no actions.
[ +472 ms] > Task :app:stripDebugDebugSymbols FAILED
[        ] Caching disabled for task ':app:stripDebugDebugSymbols' because:
[        ]   Caching has been disabled for the task
[        ] Task ':app:stripDebugDebugSymbols' is not up-to-date because:
[        ]   Task has failed previously.
[        ] The input changes require a full rebuild for incremental task ':app:stripDebugDebugSymbols'.
[        ] C/C++: android.ndkVersion from module build.gradle is [27.0.12077973]
[        ] C/C++: android.ndkVersion from module build.gradle is [27.0.12077973]
[        ] C/C++: android.ndkPath from module build.gradle is not set
[        ] C/C++: android.ndkVersion from module build.gradle is [27.0.12077973]
[        ] C/C++: android.ndkPath from module build.gradle is not set
[        ] C/C++: ndk.dir in local.properties is not set
[        ] C/C++: Not considering ANDROID_NDK_HOME because support was removed after deprecation period.
[        ] C/C++: sdkFolder is /home/user/.androidsdkroot
[        ] C/C++: android.ndkPath from module build.gradle is not set
[        ] C/C++: ndk.dir in local.properties is not set
[        ] C/C++: Not considering ANDROID_NDK_HOME because support was removed after deprecation period.
[        ] C/C++: sdkFolder is /home/user/.androidsdkroot
[        ] C/C++: android.ndkVersion from module build.gradle is [27.0.12077973]
[        ] C/C++: android.ndkPath from module build.gradle is not set
[        ] C/C++: ndk.dir in local.properties is not set
[        ] C/C++: Not considering ANDROID_NDK_HOME because support was removed after deprecation period.
[        ] C/C++: sdkFolder is /home/user/.androidsdkroot
[        ] Starting process 'command '/home/user/.androidsdkroot/ndk/27.0.12077973/toolchains/llvm/prebuilt/linux-x86_64/bin/llvm-strip''. Working directory: /home/user/myapp/android Command: /home/user/.androidsdkroot/ndk/27.0.12077973/toolchains/llvm/prebuilt/linux-x86_64/bin/llvm-strip --strip-unneeded -o /home/user/myapp/build/app/intermediates/stripped_native_libs/debug/stripDebugDebugSymbols/out/lib/arm64-v8a/libdatastore_shared_counter.so /home/user/myapp/build/app/intermediates/merged_native_libs/debug/mergeDebugNativeLibs/out/lib/arm64-v8a/libdatastore_shared_counter.so
[        ] Starting process 'command '/home/user/.androidsdkroot/ndk/27.0.12077973/toolchains/llvm/prebuilt/linux-x86_64/bin/llvm-strip''. Working directory: /home/user/myapp/android Command: /home/user/.androidsdkroot/ndk/27.0.12077973/toolchains/llvm/prebuilt/linux-x86_64/bin/llvm-strip --strip-unneeded -o /home/user/myapp/build/app/intermediates/stripped_native_libs/debug/stripDebugDebugSymbols/out/lib/arm64-v8a/libc++_shared.so /home/user/myapp/build/app/intermediates/merged_native_libs/debug/mergeDebugNativeLibs/out/lib/arm64-v8a/libc++_shared.so
[        ] C/C++: android.ndkVersion from module build.gradle is [27.0.12077973]
[        ] C/C++: android.ndkPath from module build.gradle is not set
[        ] C/C++: ndk.dir in local.properties is not set
[        ] C/C++: Not considering ANDROID_NDK_HOME because support was removed after deprecation period.
[        ] C/C++: sdkFolder is /home/user/.androidsdkroot
[        ] Starting process 'command '/home/user/.androidsdkroot/ndk/27.0.12077973/toolchains/llvm/prebuilt/linux-x86_64/bin/llvm-strip''. Working directory: /home/user/myapp/android Command: /home/user/.androidsdkroot/ndk/27.0.12077973/toolchains/llvm/prebuilt/linux-x86_64/bin/llvm-strip --strip-unneeded -o /home/user/myapp/build/app/intermediates/stripped_native_libs/debug/stripDebugDebugSymbols/out/lib/arm64-v8a/libflutter.so /home/user/myapp/build/app/intermediates/merged_native_libs/debug/mergeDebugNativeLibs/out/lib/arm64-v8a/libflutter.so
[        ] Starting process 'command '/home/user/.androidsdkroot/ndk/27.0.12077973/toolchains/llvm/prebuilt/linux-x86_64/bin/llvm-strip''. Working directory: /home/user/myapp/android Command: /home/user/.androidsdkroot/ndk/27.0.12077973/toolchains/llvm/prebuilt/linux-x86_64/bin/llvm-strip --strip-unneeded -o /home/user/myapp/build/app/intermediates/stripped_native_libs/debug/stripDebugDebugSymbols/out/lib/armeabi-v7a/libc++_shared.so /home/user/myapp/build/app/intermediates/merged_native_libs/debug/mergeDebugNativeLibs/out/lib/armeabi-v7a/libc++_shared.so
[        ] C/C++: android.ndkVersion from module build.gradle is [27.0.12077973]
[        ] C/C++: ndk.dir in local.properties is not set
[        ] C/C++: Not considering ANDROID_NDK_HOME because support was removed after deprecation period.
[        ] C/C++: sdkFolder is /home/user/.androidsdkroot
[        ] C/C++: android.ndkVersion from module build.gradle is [27.0.12077973]
[        ] C/C++: android.ndkPath from module build.gradle is not set
[        ] C/C++: ndk.dir in local.properties is not set
[        ] C/C++: Not considering ANDROID_NDK_HOME because support was removed after deprecation period.
[        ] C/C++: sdkFolder is /home/user/.androidsdkroot
[        ] C/C++: android.ndkPath from module build.gradle is not set
[        ] C/C++: ndk.dir in local.properties is not set
[        ] C/C++: Not considering ANDROID_NDK_HOME because support was removed after deprecation period.
[        ] C/C++: sdkFolder is /home/user/.androidsdkroot
[        ] Starting process 'command '/home/user/.androidsdkroot/ndk/27.0.12077973/toolchains/llvm/prebuilt/linux-x86_64/bin/llvm-strip''. Working directory: /home/user/myapp/android Command: /home/user/.androidsdkroot/ndk/27.0.12077973/toolchains/llvm/prebuilt/linux-x86_64/bin/llvm-strip --strip-unneeded -o /home/user/myapp/build/app/intermediates/stripped_native_libs/debug/stripDebugDebugSymbols/out/lib/arm64-v8a/libllama_bindings.so /home/user/myapp/build/app/intermediates/merged_native_libs/debug/mergeDebugNativeLibs/out/lib/arm64-v8a/libllama_bindings.so
[        ] Starting process 'command '/home/user/.androidsdkroot/ndk/27.0.12077973/toolchains/llvm/prebuilt/linux-x86_64/bin/llvm-strip''. Working directory: /home/user/myapp/android Command: /home/user/.androidsdkroot/ndk/27.0.12077973/toolchains/llvm/prebuilt/linux-x86_64/bin/llvm-strip --strip-unneeded -o /home/user/myapp/build/app/intermediates/stripped_native_libs/debug/stripDebugDebugSymbols/out/lib/armeabi-v7a/libdatastore_shared_counter.so /home/user/myapp/build/app/intermediates/merged_native_libs/debug/mergeDebugNativeLibs/out/lib/armeabi-v7a/libdatastore_shared_counter.so
[        ] Starting process 'command '/home/user/.androidsdkroot/ndk/27.0.12077973/toolchains/llvm/prebuilt/linux-x86_64/bin/llvm-strip''. Working directory: /home/user/myapp/android Command: /home/user/.androidsdkroot/ndk/27.0.12077973/toolchains/llvm/prebuilt/linux-x86_64/bin/llvm-strip --strip-unneeded -o /home/user/myapp/build/app/intermediates/stripped_native_libs/debug/stripDebugDebugSymbols/out/lib/arm64-v8a/libVkLayer_khronos_validation.so /home/user/myapp/build/app/intermediates/merged_native_libs/debug/mergeDebugNativeLibs/out/lib/arm64-v8a/libVkLayer_khronos_validation.so
[        ] Successfully started process 'command '/home/user/.androidsdkroot/ndk/27.0.12077973/toolchains/llvm/prebuilt/linux-x86_64/bin/llvm-strip''
[        ] C/C++: android.ndkVersion from module build.gradle is [27.0.12077973]
[        ] C/C++: android.ndkPath from module build.gradle is not set
[        ] C/C++: ndk.dir in local.properties is not set
[        ] C/C++: Not considering ANDROID_NDK_HOME because support was removed after deprecation period.
[        ] C/C++: sdkFolder is /home/user/.androidsdkroot
[        ] Starting process 'command '/home/user/.androidsdkroot/ndk/27.0.12077973/toolchains/llvm/prebuilt/linux-x86_64/bin/llvm-strip''. Working directory: /home/user/myapp/android Command: /home/user/.androidsdkroot/ndk/27.0.12077973/toolchains/llvm/prebuilt/linux-x86_64/bin/llvm-strip --strip-unneeded -o /home/user/myapp/build/app/intermediates/stripped_native_libs/debug/stripDebugDebugSymbols/out/lib/armeabi-v7a/libllama_bindings.so /home/user/myapp/build/app/intermediates/merged_native_libs/debug/mergeDebugNativeLibs/out/lib/armeabi-v7a/libllama_bindings.so
[        ] C/C++: android.ndkVersion from module build.gradle is [27.0.12077973]
[        ] C/C++: android.ndkPath from module build.gradle is not set
[        ] C/C++: ndk.dir in local.properties is not set
[        ] C/C++: Not considering ANDROID_NDK_HOME because support was removed after deprecation period.
[        ] C/C++: sdkFolder is /home/user/.androidsdkroot
[        ] Starting process 'command '/home/user/.androidsdkroot/ndk/27.0.12077973/toolchains/llvm/prebuilt/linux-x86_64/bin/llvm-strip''. Working directory: /home/user/myapp/android Command: /home/user/.androidsdkroot/ndk/27.0.12077973/toolchains/llvm/prebuilt/linux-x86_64/bin/llvm-strip --strip-unneeded -o /home/user/myapp/build/app/intermediates/stripped_native_libs/debug/stripDebugDebugSymbols/out/lib/armeabi-v7a/libflutter.so /home/user/myapp/build/app/intermediates/merged_native_libs/debug/mergeDebugNativeLibs/out/lib/armeabi-v7a/libflutter.so
[        ] Successfully started process 'command '/home/user/.androidsdkroot/ndk/27.0.12077973/toolchains/llvm/prebuilt/linux-x86_64/bin/llvm-strip''
[        ] Successfully started process 'command '/home/user/.androidsdkroot/ndk/27.0.12077973/toolchains/llvm/prebuilt/linux-x86_64/bin/llvm-strip''
[        ] C/C++: android.ndkVersion from module build.gradle is [27.0.12077973]
[        ] C/C++: android.ndkPath from module build.gradle is not set
[        ] C/C++: ndk.dir in local.properties is not set
[        ] C/C++: Not considering ANDROID_NDK_HOME because support was removed after deprecation period.
[        ] C/C++: sdkFolder is /home/user/.androidsdkroot
[        ] Starting process 'command '/home/user/.androidsdkroot/ndk/27.0.12077973/toolchains/llvm/prebuilt/linux-x86_64/bin/llvm-strip''. Working directory: /home/user/myapp/android Command: /home/user/.androidsdkroot/ndk/27.0.12077973/toolchains/llvm/prebuilt/linux-x86_64/bin/llvm-strip --strip-unneeded -o /home/user/myapp/build/app/intermediates/stripped_native_libs/debug/stripDebugDebugSymbols/out/lib/x86/libdatastore_shared_counter.so /home/user/myapp/build/app/intermediates/merged_native_libs/debug/mergeDebugNativeLibs/out/lib/x86/libdatastore_shared_counter.so
[        ] Successfully started process 'command '/home/user/.androidsdkroot/ndk/27.0.12077973/toolchains/llvm/prebuilt/linux-x86_64/bin/llvm-strip''
[        ] C/C++: android.ndkVersion from module build.gradle is [27.0.12077973]
[        ] C/C++: android.ndkPath from module build.gradle is not set
[        ] C/C++: ndk.dir in local.properties is not set
[        ] C/C++: Not considering ANDROID_NDK_HOME because support was removed after deprecation period.
[        ] C/C++: sdkFolder is /home/user/.androidsdkroot
[        ] Starting process 'command '/home/user/.androidsdkroot/ndk/27.0.12077973/toolchains/llvm/prebuilt/linux-x86_64/bin/llvm-strip''. Working directory: /home/user/myapp/android Command: /home/user/.androidsdkroot/ndk/27.0.12077973/toolchains/llvm/prebuilt/linux-x86_64/bin/llvm-strip --strip-unneeded -o /home/user/myapp/build/app/intermediates/stripped_native_libs/debug/stripDebugDebugSymbols/out/lib/x86_64/libc++_shared.so /home/user/myapp/build/app/intermediates/merged_native_libs/debug/mergeDebugNativeLibs/out/lib/x86_64/libc++_shared.so
[        ] C/C++: android.ndkVersion from module build.gradle is [27.0.12077973]
[        ] C/C++: android.ndkPath from module build.gradle is not set
[        ] C/C++: ndk.dir in local.properties is not set
[        ] C/C++: Not considering ANDROID_NDK_HOME because support was removed after deprecation period.
[        ] C/C++: sdkFolder is /home/user/.androidsdkroot
[        ] Starting process 'command '/home/user/.androidsdkroot/ndk/27.0.12077973/toolchains/llvm/prebuilt/linux-x86_64/bin/llvm-strip''. Working directory: /home/user/myapp/android Command: /home/user/.androidsdkroot/ndk/27.0.12077973/toolchains/llvm/prebuilt/linux-x86_64/bin/llvm-strip --strip-unneeded -o /home/user/myapp/build/app/intermediates/stripped_native_libs/debug/stripDebugDebugSymbols/out/lib/x86_64/libdatastore_shared_counter.so /home/user/myapp/build/app/intermediates/merged_native_libs/debug/mergeDebugNativeLibs/out/lib/x86_64/libdatastore_shared_counter.so
[        ] Successfully started process 'command '/home/user/.androidsdkroot/ndk/27.0.12077973/toolchains/llvm/prebuilt/linux-x86_64/bin/llvm-strip''
[        ] C/C++: android.ndkVersion from module build.gradle is [27.0.12077973]
[        ] C/C++: android.ndkPath from module build.gradle is not set
[        ] C/C++: ndk.dir in local.properties is not set
[        ] C/C++: Not considering ANDROID_NDK_HOME because support was removed after deprecation period.
[        ] C/C++: sdkFolder is /home/user/.androidsdkroot
[        ] Starting process 'command '/home/user/.androidsdkroot/ndk/27.0.12077973/toolchains/llvm/prebuilt/linux-x86_64/bin/llvm-strip''. Working directory: /home/user/myapp/android Command: /home/user/.androidsdkroot/ndk/27.0.12077973/toolchains/llvm/prebuilt/linux-x86_64/bin/llvm-strip --strip-unneeded -o /home/user/myapp/build/app/intermediates/stripped_native_libs/debug/stripDebugDebugSymbols/out/lib/x86_64/libflutter.so /home/user/myapp/build/app/intermediates/merged_native_libs/debug/mergeDebugNativeLibs/out/lib/x86_64/libflutter.so
[        ] Successfully started process 'command '/home/user/.androidsdkroot/ndk/27.0.12077973/toolchains/llvm/prebuilt/linux-x86_64/bin/llvm-strip''
[        ] Successfully started process 'command '/home/user/.androidsdkroot/ndk/27.0.12077973/toolchains/llvm/prebuilt/linux-x86_64/bin/llvm-strip''
[        ] C/C++: android.ndkVersion from module build.gradle is [27.0.12077973]
[        ] C/C++: android.ndkPath from module build.gradle is not set
[        ] C/C++: ndk.dir in local.properties is not set
[        ] C/C++: Not considering ANDROID_NDK_HOME because support was removed after deprecation period.
[        ] C/C++: sdkFolder is /home/user/.androidsdkroot
[        ] Starting process 'command '/home/user/.androidsdkroot/ndk/27.0.12077973/toolchains/llvm/prebuilt/linux-x86_64/bin/llvm-strip''. Working directory: /home/user/myapp/android Command: /home/user/.androidsdkroot/ndk/27.0.12077973/toolchains/llvm/prebuilt/linux-x86_64/bin/llvm-strip --strip-unneeded -o /home/user/myapp/build/app/intermediates/stripped_native_libs/debug/stripDebugDebugSymbols/out/lib/x86_64/libllama_bindings.so /home/user/myapp/build/app/intermediates/merged_native_libs/debug/mergeDebugNativeLibs/out/lib/x86_64/libllama_bindings.so
[        ] Successfully started process 'command '/home/user/.androidsdkroot/ndk/27.0.12077973/toolchains/llvm/prebuilt/linux-x86_64/bin/llvm-strip''
[        ] Successfully started process 'command '/home/user/.androidsdkroot/ndk/27.0.12077973/toolchains/llvm/prebuilt/linux-x86_64/bin/llvm-strip''
[        ] Successfully started process 'command '/home/user/.androidsdkroot/ndk/27.0.12077973/toolchains/llvm/prebuilt/linux-x86_64/bin/llvm-strip''
[        ] Unable to strip library /home/user/myapp/build/app/intermediates/merged_native_libs/debug/mergeDebugNativeLibs/out/lib/x86_64/libflutter.so due to error 1 returned from /home/user/.androidsdkroot/ndk/27.0.12077973/toolchains/llvm/prebuilt/linux-x86_64/bin/llvm-strip, packaging it as is.
[        ] Successfully started process 'command '/home/user/.androidsdkroot/ndk/27.0.12077973/toolchains/llvm/prebuilt/linux-x86_64/bin/llvm-strip''
[        ] Successfully started process 'command '/home/user/.androidsdkroot/ndk/27.0.12077973/toolchains/llvm/prebuilt/linux-x86_64/bin/llvm-strip''
[        ] Successfully started process 'command '/home/user/.androidsdkroot/ndk/27.0.12077973/toolchains/llvm/prebuilt/linux-x86_64/bin/llvm-strip''
[        ] Successfully started process 'command '/home/user/.androidsdkroot/ndk/27.0.12077973/toolchains/llvm/prebuilt/linux-x86_64/bin/llvm-strip''
[        ] Unable to strip library /home/user/myapp/build/app/intermediates/merged_native_libs/debug/mergeDebugNativeLibs/out/lib/armeabi-v7a/libflutter.so due to error 1 returned from /home/user/.androidsdkroot/ndk/27.0.12077973/toolchains/llvm/prebuilt/linux-x86_64/bin/llvm-strip, packaging it as is.
[        ] [Incubating] Problems report is available at: file:///home/user/myapp/build/reports/problems/problems-report.html
[        ] Deprecated Gradle features were used in this build, making it incompatible with Gradle 9.0.
[        ] You can use '--warning-mode all' to show the individual deprecation warnings and determine if they come from your own scripts or plugins.
[        ] For more on this, please refer to https://docs.gradle.org/8.12/userguide/command_line_interface.html#sec:command_line_warnings in the Gradle documentation.
[        ] 131 actionable tasks: 12 executed, 119 up-to-date
[   +1 ms] LLVM ERROR: IO failure on output stream: No space left on device
[   +3 ms] LLVM ERROR: IO failure on output stream: No space left on device
[        ] FAILURE: Build failed with an exception.
[        ] * What went wrong:
[        ] Execution failed for task ':app:stripDebugDebugSymbols'.
[        ] > A failure occurred while executing com.android.build.gradle.internal.tasks.StripDebugSymbolsDelegate
[        ]    > There were multiple failures while executing work items
[        ]       > A failure occurred while executing com.android.build.gradle.internal.tasks.StripDebugSymbolsRunnable
[        ]          > No space left on device
[        ]       > A failure occurred while executing com.android.build.gradle.internal.tasks.StripDebugSymbolsRunnable
[        ]          > No space left on device
[        ] * Try:
[        ] > Run with --debug option to get more log output.
[        ] > Run with --scan to get full insights.
[        ] > Get more help at https://help.gradle.org.
[        ] * Exception is:
[        ] org.gradle.api.tasks.TaskExecutionException: Execution failed for task ':app:stripDebugDebugSymbols'.
[        ] 	at org.gradle.api.internal.tasks.execution.ExecuteActionsTaskExecuter.lambda$executeIfValid$1(ExecuteActionsTaskExecuter.java:130)
[        ] 	at org.gradle.internal.Try$Failure.ifSuccessfulOrElse(Try.java:293)
[        ] 	at org.gradle.api.internal.tasks.execution.ExecuteActionsTaskExecuter.executeIfValid(ExecuteActionsTaskExecuter.java:128)
[        ] 	at org.gradle.api.internal.tasks.execution.ExecuteActionsTaskExecuter.execute(ExecuteActionsTaskExecuter.java:116)
[        ] 	at org.gradle.api.internal.tasks.execution.ProblemsTaskPathTrackingTaskExecuter.execute(ProblemsTaskPathTrackingTaskExecuter.java:40)
[        ] 	at org.gradle.api.internal.tasks.execution.FinalizePropertiesTaskExecuter.execute(FinalizePropertiesTaskExecuter.java:46)
[        ] 	at org.gradle.api.internal.tasks.execution.ResolveTaskExecutionModeExecuter.execute(ResolveTaskExecutionModeExecuter.java:51)
[        ] 	at org.gradle.api.internal.tasks.execution.SkipTaskWithNoActionsExecuter.execute(SkipTaskWithNoActionsExecuter.java:57)
[        ] 	at org.gradle.api.internal.tasks.execution.SkipOnlyIfTaskExecuter.execute(SkipOnlyIfTaskExecuter.java:74)
[        ] 	at org.gradle.api.internal.tasks.execution.CatchExceptionTaskExecuter.execute(CatchExceptionTaskExecuter.java:36)
[        ] 	at org.gradle.api.internal.tasks.execution.EventFiringTaskExecuter$1.executeTask(EventFiringTaskExecuter.java:77)
[        ] 	at org.gradle.api.internal.tasks.execution.EventFiringTaskExecuter$1.call(EventFiringTaskExecuter.java:55)
[        ] 	at org.gradle.api.internal.tasks.execution.EventFiringTaskExecuter$1.call(EventFiringTaskExecuter.java:52)
[        ] 	at org.gradle.internal.operations.DefaultBuildOperationRunner$CallableBuildOperationWorker.execute(DefaultBuildOperationRunner.java:209)
[        ] 	at org.gradle.internal.operations.DefaultBuildOperationRunner$CallableBuildOperationWorker.execute(DefaultBuildOperationRunner.java:204)
[        ] 	at org.gradle.internal.operations.DefaultBuildOperationRunner$2.execute(DefaultBuildOperationRunner.java:66)
[        ] 	at org.gradle.internal.operations.DefaultBuildOperationRunner$2.execute(DefaultBuildOperationRunner.java:59)
[        ] 	at org.gradle.internal.operations.DefaultBuildOperationRunner.execute(DefaultBuildOperationRunner.java:166)
[        ] 	at org.gradle.internal.operations.DefaultBuildOperationRunner.execute(DefaultBuildOperationRunner.java:59)
[        ] 	at org.gradle.internal.operations.DefaultBuildOperationRunner.call(DefaultBuildOperationRunner.java:53)
[        ] 	at org.gradle.api.internal.tasks.execution.EventFiringTaskExecuter.execute(EventFiringTaskExecuter.java:52)
[        ] 	at org.gradle.execution.plan.LocalTaskNodeExecutor.execute(LocalTaskNodeExecutor.java:42)
[        ] 	at org.gradle.execution.taskgraph.DefaultTaskExecutionGraph$InvokeNodeExecutorsAction.execute(DefaultTaskExecutionGraph.java:331)
[        ] 	at org.gradle.execution.taskgraph.DefaultTaskExecutionGraph$InvokeNodeExecutorsAction.execute(DefaultTaskExecutionGraph.java:318)
[        ] 	at org.gradle.execution.taskgraph.DefaultTaskExecutionGraph$BuildOperationAwareExecutionAction.lambda$execute$0(DefaultTaskExecutionGraph.java:314)
[        ] 	at org.gradle.internal.operations.CurrentBuildOperationRef.with(CurrentBuildOperationRef.java:85)
[        ] 	at org.gradle.execution.taskgraph.DefaultTaskExecutionGraph$BuildOperationAwareExecutionAction.execute(DefaultTaskExecutionGraph.java:314)
[   +1 ms] 	at org.gradle.execution.taskgraph.DefaultTaskExecutionGraph$BuildOperationAwareExecutionAction.execute(DefaultTaskExecutionGraph.java:303)
[        ] 	at org.gradle.execution.plan.DefaultPlanExecutor$ExecutorWorker.execute(DefaultPlanExecutor.java:459)
[        ] 	at org.gradle.execution.plan.DefaultPlanExecutor$ExecutorWorker.run(DefaultPlanExecutor.java:376)
[        ] 	at org.gradle.internal.concurrent.ExecutorPolicy$CatchAndRecordFailures.onExecute(ExecutorPolicy.java:64)
[        ] 	at org.gradle.internal.concurrent.AbstractManagedExecutor$1.run(AbstractManagedExecutor.java:48)
[        ] 	at java.base/java.util.concurrent.ThreadPoolExecutor.runWorker(ThreadPoolExecutor.java:1144)
[        ] 	at java.base/java.util.concurrent.ThreadPoolExecutor$Worker.run(ThreadPoolExecutor.java:642)
[        ] 	at java.base/java.lang.Thread.run(Thread.java:1583)
[        ] Caused by: org.gradle.workers.internal.DefaultWorkerExecutor$WorkExecutionException: A failure occurred while executing com.android.build.gradle.internal.tasks.StripDebugSymbolsDelegate
[        ] 	at org.gradle.workers.internal.DefaultWorkerExecutor$WorkItemExecution.waitForCompletion(DefaultWorkerExecutor.java:287)
[        ] 	at org.gradle.internal.work.DefaultAsyncWorkTracker.lambda$waitForItemsAndGatherFailures$2(DefaultAsyncWorkTracker.java:130)
[        ] 	at org.gradle.internal.Factories$1.create(Factories.java:31)
[        ] 	at org.gradle.internal.work.DefaultWorkerLeaseService.withoutLocks(DefaultWorkerLeaseService.java:335)
[        ] 	at org.gradle.internal.work.DefaultWorkerLeaseService.withoutLocks(DefaultWorkerLeaseService.java:318)
[        ] 	at org.gradle.internal.work.DefaultWorkerLeaseService.withoutLock(DefaultWorkerLeaseService.java:323)
[        ] 	at org.gradle.internal.work.DefaultAsyncWorkTracker.waitForItemsAndGatherFailures(DefaultAsyncWorkTracker.java:126)
[        ] 	at org.gradle.internal.work.DefaultAsyncWorkTracker.waitForItemsAndGatherFailures(DefaultAsyncWorkTracker.java:92)
[        ] 	at org.gradle.internal.work.DefaultAsyncWorkTracker.waitForAll(DefaultAsyncWorkTracker.java:78)
[        ] 	at org.gradle.internal.work.DefaultAsyncWorkTracker.waitForCompletion(DefaultAsyncWorkTracker.java:66)
[        ] 	at org.gradle.api.internal.tasks.execution.TaskExecution$3.run(TaskExecution.java:252)
[        ] 	at org.gradle.internal.operations.DefaultBuildOperationRunner$1.execute(DefaultBuildOperationRunner.java:29)
[        ] 	at org.gradle.internal.operations.DefaultBuildOperationRunner$1.execute(DefaultBuildOperationRunner.java:26)
[        ] 	at org.gradle.internal.operations.DefaultBuildOperationRunner$2.execute(DefaultBuildOperationRunner.java:66)
[        ] 	at org.gradle.internal.operations.DefaultBuildOperationRunner$2.execute(DefaultBuildOperationRunner.java:59)
[        ] 	at org.gradle.internal.operations.DefaultBuildOperationRunner.execute(DefaultBuildOperationRunner.java:166)
[        ] 	at org.gradle.internal.operations.DefaultBuildOperationRunner.execute(DefaultBuildOperationRunner.java:59)
[        ] 	at org.gradle.internal.operations.DefaultBuildOperationRunner.run(DefaultBuildOperationRunner.java:47)
[        ] 	at org.gradle.api.internal.tasks.execution.TaskExecution.executeAction(TaskExecution.java:229)
[        ] 	at org.gradle.api.internal.tasks.execution.TaskExecution.executeActions(TaskExecution.java:212)
[        ] 	at org.gradle.api.internal.tasks.execution.TaskExecution.executeWithPreviousOutputFiles(TaskExecution.java:195)
[        ] 	at org.gradle.api.internal.tasks.execution.TaskExecution.execute(TaskExecution.java:162)
[        ] 	at org.gradle.internal.execution.steps.ExecuteStep.executeInternal(ExecuteStep.java:105)
[        ] 	at org.gradle.internal.execution.steps.ExecuteStep.access$000(ExecuteStep.java:44)
[        ] 	at org.gradle.internal.execution.steps.ExecuteStep$1.call(ExecuteStep.java:59)
[        ] 	at org.gradle.internal.execution.steps.ExecuteStep$1.call(ExecuteStep.java:56)
[        ] 	at org.gradle.internal.operations.DefaultBuildOperationRunner$CallableBuildOperationWorker.execute(DefaultBuildOperationRunner.java:209)
[        ] 	at org.gradle.internal.operations.DefaultBuildOperationRunner$CallableBuildOperationWorker.execute(DefaultBuildOperationRunner.java:204)
[        ] 	at org.gradle.internal.operations.DefaultBuildOperationRunner$2.execute(DefaultBuildOperationRunner.java:66)
[        ] 	at org.gradle.internal.operations.DefaultBuildOperationRunner$2.execute(DefaultBuildOperationRunner.java:59)
[        ] 	at org.gradle.internal.operations.DefaultBuildOperationRunner.execute(DefaultBuildOperationRunner.java:166)
[        ] 	at org.gradle.internal.operations.DefaultBuildOperationRunner.execute(DefaultBuildOperationRunner.java:59)
[        ] 	at org.gradle.internal.operations.DefaultBuildOperationRunner.call(DefaultBuildOperationRunner.java:53)
[        ] 	at org.gradle.internal.execution.steps.ExecuteStep.execute(ExecuteStep.java:56)
[        ] 	at org.gradle.internal.execution.steps.ExecuteStep.execute(ExecuteStep.java:44)
[        ] 	at org.gradle.internal.execution.steps.CancelExecutionStep.execute(CancelExecutionStep.java:42)
[        ] 	at org.gradle.internal.execution.steps.TimeoutStep.executeWithoutTimeout(TimeoutStep.java:75)
[        ] 	at org.gradle.internal.execution.steps.TimeoutStep.execute(TimeoutStep.java:55)
[        ] 	at org.gradle.internal.execution.steps.PreCreateOutputParentsStep.execute(PreCreateOutputParentsStep.java:50)
[        ] 	at org.gradle.internal.execution.steps.PreCreateOutputParentsStep.execute(PreCreateOutputParentsStep.java:28)
[        ] 	at org.gradle.internal.execution.steps.RemovePreviousOutputsStep.execute(RemovePreviousOutputsStep.java:67)
[        ] 	at org.gradle.internal.execution.steps.RemovePreviousOutputsStep.execute(RemovePreviousOutputsStep.java:37)
[        ] 	at org.gradle.internal.execution.steps.BroadcastChangingOutputsStep.execute(BroadcastChangingOutputsStep.java:61)
[        ] 	at org.gradle.internal.execution.steps.BroadcastChangingOutputsStep.execute(BroadcastChangingOutputsStep.java:26)
[        ] 	at org.gradle.internal.execution.steps.CaptureOutputsAfterExecutionStep.execute(CaptureOutputsAfterExecutionStep.java:69)
[        ] 	at org.gradle.internal.execution.steps.CaptureOutputsAfterExecutionStep.execute(CaptureOutputsAfterExecutionStep.java:46)
[        ] 	at org.gradle.internal.execution.steps.ResolveInputChangesStep.execute(ResolveInputChangesStep.java:40)
[        ] 	at org.gradle.internal.execution.steps.ResolveInputChangesStep.execute(ResolveInputChangesStep.java:29)
[        ] 	at org.gradle.internal.execution.steps.BuildCacheStep.executeWithoutCache(BuildCacheStep.java:189)
[        ] 	at org.gradle.internal.execution.steps.BuildCacheStep.lambda$execute$1(BuildCacheStep.java:75)
[        ] 	at org.gradle.internal.Either$Right.fold(Either.java:175)
[        ] 	at org.gradle.internal.execution.caching.CachingState.fold(CachingState.java:62)
[        ] 	at org.gradle.internal.execution.steps.BuildCacheStep.execute(BuildCacheStep.java:73)
[        ] 	at org.gradle.internal.execution.steps.BuildCacheStep.execute(BuildCacheStep.java:48)
[        ] 	at org.gradle.internal.execution.steps.StoreExecutionStateStep.execute(StoreExecutionStateStep.java:46)
[        ] 	at org.gradle.internal.execution.steps.StoreExecutionStateStep.execute(StoreExecutionStateStep.java:35)
[        ] 	at org.gradle.internal.execution.steps.SkipUpToDateStep.executeBecause(SkipUpToDateStep.java:75)
[        ] 	at org.gradle.internal.execution.steps.SkipUpToDateStep.lambda$execute$2(SkipUpToDateStep.java:53)
[        ] 	at java.base/java.util.Optional.orElseGet(Optional.java:364)
[        ] 	at org.gradle.internal.execution.steps.SkipUpToDateStep.execute(SkipUpToDateStep.java:53)
[        ] 	at org.gradle.internal.execution.steps.SkipUpToDateStep.execute(SkipUpToDateStep.java:35)
[        ] 	at org.gradle.internal.execution.steps.legacy.MarkSnapshottingInputsFinishedStep.execute(MarkSnapshottingInputsFinishedStep.java:37)
[        ] 	at org.gradle.internal.execution.steps.legacy.MarkSnapshottingInputsFinishedStep.execute(MarkSnapshottingInputsFinishedStep.java:27)
[        ] 	at org.gradle.internal.execution.steps.ResolveIncrementalCachingStateStep.executeDelegate(ResolveIncrementalCachingStateStep.java:49)
[        ] 	at org.gradle.internal.execution.steps.ResolveIncrementalCachingStateStep.executeDelegate(ResolveIncrementalCachingStateStep.java:27)
[        ] 	at org.gradle.internal.execution.steps.AbstractResolveCachingStateStep.execute(AbstractResolveCachingStateStep.java:71)
[        ] 	at org.gradle.internal.execution.steps.AbstractResolveCachingStateStep.execute(AbstractResolveCachingStateStep.java:39)
[        ] 	at org.gradle.internal.execution.steps.ResolveChangesStep.execute(ResolveChangesStep.java:65)
[        ] 	at org.gradle.internal.execution.steps.ResolveChangesStep.execute(ResolveChangesStep.java:36)
[        ] 	at org.gradle.internal.execution.steps.ValidateStep.execute(ValidateStep.java:107)
[        ] 	at org.gradle.internal.execution.steps.ValidateStep.execute(ValidateStep.java:56)
[        ] 	at org.gradle.internal.execution.steps.AbstractCaptureStateBeforeExecutionStep.execute(AbstractCaptureStateBeforeExecutionStep.java:64)
[        ] 	at org.gradle.internal.execution.steps.AbstractCaptureStateBeforeExecutionStep.execute(AbstractCaptureStateBeforeExecutionStep.java:43)
[        ] 	at org.gradle.internal.execution.steps.AbstractSkipEmptyWorkStep.executeWithNonEmptySources(AbstractSkipEmptyWorkStep.java:125)
[        ] 	at org.gradle.internal.execution.steps.AbstractSkipEmptyWorkStep.execute(AbstractSkipEmptyWorkStep.java:61)
[        ] 	at org.gradle.internal.execution.steps.AbstractSkipEmptyWorkStep.execute(AbstractSkipEmptyWorkStep.java:36)
[        ] 	at org.gradle.internal.execution.steps.legacy.MarkSnapshottingInputsStartedStep.execute(MarkSnapshottingInputsStartedStep.java:38)
[        ] 	at org.gradle.internal.execution.steps.LoadPreviousExecutionStateStep.execute(LoadPreviousExecutionStateStep.java:36)
[        ] 	at org.gradle.internal.execution.steps.LoadPreviousExecutionStateStep.execute(LoadPreviousExecutionStateStep.java:23)
[        ] 	at org.gradle.internal.execution.steps.HandleStaleOutputsStep.execute(HandleStaleOutputsStep.java:75)
[        ] 	at org.gradle.internal.execution.steps.HandleStaleOutputsStep.execute(HandleStaleOutputsStep.java:41)
[        ] 	at org.gradle.internal.execution.steps.AssignMutableWorkspaceStep.lambda$execute$0(AssignMutableWorkspaceStep.java:35)
[        ] 	at org.gradle.api.internal.tasks.execution.TaskExecution$4.withWorkspace(TaskExecution.java:289)
[        ] 	at org.gradle.internal.execution.steps.AssignMutableWorkspaceStep.execute(AssignMutableWorkspaceStep.java:31)
[        ] 	at org.gradle.internal.execution.steps.AssignMutableWorkspaceStep.execute(AssignMutableWorkspaceStep.java:22)
[        ] 	at org.gradle.internal.execution.steps.ChoosePipelineStep.execute(ChoosePipelineStep.java:40)
[        ] 	at org.gradle.internal.execution.steps.ChoosePipelineStep.execute(ChoosePipelineStep.java:23)
[        ] 	at org.gradle.internal.execution.steps.ExecuteWorkBuildOperationFiringStep.lambda$execute$2(ExecuteWorkBuildOperationFiringStep.java:67)
[        ] 	at java.base/java.util.Optional.orElseGet(Optional.java:364)
[        ] 	at org.gradle.internal.execution.steps.ExecuteWorkBuildOperationFiringStep.execute(ExecuteWorkBuildOperationFiringStep.java:67)
[        ] 	at org.gradle.internal.execution.steps.ExecuteWorkBuildOperationFiringStep.execute(ExecuteWorkBuildOperationFiringStep.java:39)
[        ] 	at org.gradle.internal.execution.steps.IdentityCacheStep.execute(IdentityCacheStep.java:46)
[        ] 	at org.gradle.internal.execution.steps.IdentityCacheStep.execute(IdentityCacheStep.java:34)
[        ] 	at org.gradle.internal.execution.steps.IdentifyStep.execute(IdentifyStep.java:48)
[        ] 	at org.gradle.internal.execution.steps.IdentifyStep.execute(IdentifyStep.java:35)
[        ] 	at org.gradle.internal.execution.impl.DefaultExecutionEngine$1.execute(DefaultExecutionEngine.java:61)
[        ] 	at org.gradle.api.internal.tasks.execution.ExecuteActionsTaskExecuter.executeIfValid(ExecuteActionsTaskExecuter.java:127)
[        ] 	at org.gradle.api.internal.tasks.execution.ExecuteActionsTaskExecuter.execute(ExecuteActionsTaskExecuter.java:116)
[        ] 	at org.gradle.api.internal.tasks.execution.ProblemsTaskPathTrackingTaskExecuter.execute(ProblemsTaskPathTrackingTaskExecuter.java:40)
[        ] 	at org.gradle.api.internal.tasks.execution.FinalizePropertiesTaskExecuter.execute(FinalizePropertiesTaskExecuter.java:46)
[        ] 	at org.gradle.api.internal.tasks.execution.ResolveTaskExecutionModeExecuter.execute(ResolveTaskExecutionModeExecuter.java:51)
[        ] 	at org.gradle.api.internal.tasks.execution.SkipTaskWithNoActionsExecuter.execute(SkipTaskWithNoActionsExecuter.java:57)
[        ] 	at org.gradle.api.internal.tasks.execution.SkipOnlyIfTaskExecuter.execute(SkipOnlyIfTaskExecuter.java:74)
[        ] 	at org.gradle.api.internal.tasks.execution.CatchExceptionTaskExecuter.execute(CatchExceptionTaskExecuter.java:36)
[        ] 	at org.gradle.api.internal.tasks.execution.EventFiringTaskExecuter$1.executeTask(EventFiringTaskExecuter.java:77)
[        ] 	at org.gradle.api.internal.tasks.execution.EventFiringTaskExecuter$1.call(EventFiringTaskExecuter.java:55)
[        ] 	at org.gradle.api.internal.tasks.execution.EventFiringTaskExecuter$1.call(EventFiringTaskExecuter.java:52)
[        ] 	at org.gradle.internal.operations.DefaultBuildOperationRunner$CallableBuildOperationWorker.execute(DefaultBuildOperationRunner.java:209)
[        ] 	at org.gradle.internal.operations.DefaultBuildOperationRunner$CallableBuildOperationWorker.execute(DefaultBuildOperationRunner.java:204)
[        ] 	at org.gradle.internal.operations.DefaultBuildOperationRunner$2.execute(DefaultBuildOperationRunner.java:66)
[        ] 	at org.gradle.internal.operations.DefaultBuildOperationRunner$2.execute(DefaultBuildOperationRunner.java:59)
[        ] 	at org.gradle.internal.operations.DefaultBuildOperationRunner.execute(DefaultBuildOperationRunner.java:166)
[        ] 	at org.gradle.internal.operations.DefaultBuildOperationRunner.execute(DefaultBuildOperationRunner.java:59)
[   +1 ms] 	at org.gradle.internal.operations.DefaultBuildOperationRunner.call(DefaultBuildOperationRunner.java:53)
[        ] 	at org.gradle.api.internal.tasks.execution.EventFiringTaskExecuter.execute(EventFiringTaskExecuter.java:52)
[        ] 	at org.gradle.execution.plan.LocalTaskNodeExecutor.execute(LocalTaskNodeExecutor.java:42)
[        ] 	at org.gradle.execution.taskgraph.DefaultTaskExecutionGraph$InvokeNodeExecutorsAction.execute(DefaultTaskExecutionGraph.java:331)
[        ] 	at org.gradle.execution.taskgraph.DefaultTaskExecutionGraph$InvokeNodeExecutorsAction.execute(DefaultTaskExecutionGraph.java:318)
[        ] 	at org.gradle.execution.taskgraph.DefaultTaskExecutionGraph$BuildOperationAwareExecutionAction.lambda$execute$0(DefaultTaskExecutionGraph.java:314)
[        ] 	at org.gradle.internal.operations.CurrentBuildOperationRef.with(CurrentBuildOperationRef.java:85)
[        ] 	at org.gradle.execution.taskgraph.DefaultTaskExecutionGraph$BuildOperationAwareExecutionAction.execute(DefaultTaskExecutionGraph.java:314)
[        ] 	at org.gradle.execution.taskgraph.DefaultTaskExecutionGraph$BuildOperationAwareExecutionAction.execute(DefaultTaskExecutionGraph.java:303)
[        ] 	at org.gradle.execution.plan.DefaultPlanExecutor$ExecutorWorker.execute(DefaultPlanExecutor.java:459)
[        ] 	at org.gradle.execution.plan.DefaultPlanExecutor$ExecutorWorker.run(DefaultPlanExecutor.java:376)
[        ] 	at org.gradle.internal.concurrent.ExecutorPolicy$CatchAndRecordFailures.onExecute(ExecutorPolicy.java:64)
[        ] 	at org.gradle.internal.concurrent.AbstractManagedExecutor$1.run(AbstractManagedExecutor.java:48)
[        ] 	at java.base/java.util.concurrent.ThreadPoolExecutor.runWorker(ThreadPoolExecutor.java:1144)
[        ] 	at java.base/java.util.concurrent.ThreadPoolExecutor$Worker.run(ThreadPoolExecutor.java:642)
[        ] 	at java.base/java.lang.Thread.run(Thread.java:1583)
[        ] Caused by: org.gradle.workers.WorkerExecutionException: There were multiple failures while executing work items
[        ] 	at org.gradle.workers.internal.DefaultWorkerExecutor.workerExecutionException(DefaultWorkerExecutor.java:225)
[        ] 	at org.gradle.workers.internal.DefaultWorkerExecutor.await(DefaultWorkerExecutor.java:205)
[        ] 	at com.android.build.gradle.internal.tasks.StripDebugSymbolsDelegate.run(StripDebugSymbolsTask.kt:209)
[        ] 	at com.android.build.gradle.internal.profile.ProfileAwareWorkAction.execute(ProfileAwareWorkAction.kt:74)
[        ] 	at org.gradle.workers.internal.DefaultWorkerServer.execute(DefaultWorkerServer.java:63)
[        ] 	at org.gradle.workers.internal.NoIsolationWorkerFactory$1$1.create(NoIsolationWorkerFactory.java:66)
[        ] 	at org.gradle.workers.internal.NoIsolationWorkerFactory$1$1.create(NoIsolationWorkerFactory.java:62)
[        ] 	at org.gradle.internal.classloader.ClassLoaderUtils.executeInClassloader(ClassLoaderUtils.java:100)
[        ] 	at org.gradle.workers.internal.NoIsolationWorkerFactory$1.lambda$execute$0(NoIsolationWorkerFactory.java:62)
[        ] 	at org.gradle.workers.internal.AbstractWorker$1.call(AbstractWorker.java:44)
[        ] 	at org.gradle.workers.internal.AbstractWorker$1.call(AbstractWorker.java:41)
[        ] 	at org.gradle.internal.operations.DefaultBuildOperationRunner$CallableBuildOperationWorker.execute(DefaultBuildOperationRunner.java:209)
[        ] 	at org.gradle.internal.operations.DefaultBuildOperationRunner$CallableBuildOperationWorker.execute(DefaultBuildOperationRunner.java:204)
[        ] 	at org.gradle.internal.operations.DefaultBuildOperationRunner$2.execute(DefaultBuildOperationRunner.java:66)
[        ] 	at org.gradle.internal.operations.DefaultBuildOperationRunner$2.execute(DefaultBuildOperationRunner.java:59)
[        ] 	at org.gradle.internal.operations.DefaultBuildOperationRunner.execute(DefaultBuildOperationRunner.java:166)
[        ] 	at org.gradle.internal.operations.DefaultBuildOperationRunner.execute(DefaultBuildOperationRunner.java:59)
[        ] 	at org.gradle.internal.operations.DefaultBuildOperationRunner.call(DefaultBuildOperationRunner.java:53)
[        ] 	at org.gradle.workers.internal.AbstractWorker.executeWrappedInBuildOperation(AbstractWorker.java:41)
[        ] 	at org.gradle.workers.internal.NoIsolationWorkerFactory$1.execute(NoIsolationWorkerFactory.java:59)
[        ] 	at org.gradle.workers.internal.DefaultWorkerExecutor.lambda$submitWork$0(DefaultWorkerExecutor.java:174)
[   +1 ms] 	at java.base/java.util.concurrent.FutureTask.run(FutureTask.java:317)
[        ] 	at org.gradle.internal.work.DefaultConditionalExecutionQueue$ExecutionRunner.runExecution(DefaultConditionalExecutionQueue.java:194)
[        ] 	at org.gradle.internal.work.DefaultConditionalExecutionQueue$ExecutionRunner.access$700(DefaultConditionalExecutionQueue.java:127)
[        ] 	at org.gradle.internal.work.DefaultConditionalExecutionQueue$ExecutionRunner$1.run(DefaultConditionalExecutionQueue.java:169)
[        ] 	at org.gradle.internal.Factories$1.create(Factories.java:31)
[        ] 	at org.gradle.internal.work.DefaultWorkerLeaseService.withLocks(DefaultWorkerLeaseService.java:263)
[        ] 	at org.gradle.internal.work.DefaultWorkerLeaseService.runAsWorkerThread(DefaultWorkerLeaseService.java:127)
[        ] 	at org.gradle.internal.work.DefaultWorkerLeaseService.runAsWorkerThread(DefaultWorkerLeaseService.java:132)
[        ] 	at org.gradle.internal.work.DefaultConditionalExecutionQueue$ExecutionRunner.runBatch(DefaultConditionalExecutionQueue.java:164)
[        ] 	at org.gradle.internal.work.DefaultConditionalExecutionQueue$ExecutionRunner.run(DefaultConditionalExecutionQueue.java:133)
[        ] 	at java.base/java.util.concurrent.Executors$RunnableAdapter.call(Executors.java:572)
[        ] 	at java.base/java.util.concurrent.FutureTask.run(FutureTask.java:317)
[        ] 	... 5 more
[        ] Caused by: org.gradle.workers.internal.DefaultWorkerExecutor$WorkExecutionException: A failure occurred while executing com.android.build.gradle.internal.tasks.StripDebugSymbolsRunnable
[        ] 	at org.gradle.workers.internal.DefaultWorkerExecutor$WorkItemExecution.waitForCompletion(DefaultWorkerExecutor.java:287)
[        ] 	at org.gradle.internal.work.DefaultAsyncWorkTracker.lambda$waitForItemsAndGatherFailures$2(DefaultAsyncWorkTracker.java:130)
[        ] 	at org.gradle.internal.Factories$1.create(Factories.java:31)
[        ] 	at org.gradle.internal.work.DefaultWorkerLeaseService.withoutLocks(DefaultWorkerLeaseService.java:335)
[        ] 	at org.gradle.internal.work.DefaultWorkerLeaseService.withoutLocks(DefaultWorkerLeaseService.java:318)
[        ] 	at org.gradle.internal.work.DefaultWorkerLeaseService.withoutLock(DefaultWorkerLeaseService.java:323)
[        ] 	at org.gradle.internal.work.DefaultAsyncWorkTracker.waitForItemsAndGatherFailures(DefaultAsyncWorkTracker.java:126)
[        ] 	at org.gradle.internal.work.DefaultAsyncWorkTracker.waitForItemsAndGatherFailures(DefaultAsyncWorkTracker.java:88)
[        ] 	at org.gradle.internal.work.DefaultAsyncWorkTracker.waitForAll(DefaultAsyncWorkTracker.java:78)
[        ] 	at org.gradle.internal.work.DefaultAsyncWorkTracker.waitForCompletion(DefaultAsyncWorkTracker.java:66)
[        ] 	at org.gradle.workers.internal.DefaultWorkerExecutor.await(DefaultWorkerExecutor.java:203)
[        ] 	... 36 more
[        ] Caused by: java.io.IOException: No space left on device
[        ] 	at java.base/sun.nio.fs.LinuxNativeDispatcher.directCopy0(Native Method)
[        ] 	at java.base/sun.nio.fs.LinuxFileSystem.directCopy(LinuxFileSystem.java:159)
[        ] 	at java.base/sun.nio.fs.UnixFileSystem.copyFile(UnixFileSystem.java:682)
[        ] 	at java.base/sun.nio.fs.UnixFileSystem.copy(UnixFileSystem.java:1060)
[        ] 	at java.base/sun.nio.fs.UnixFileSystemProvider.copy(UnixFileSystemProvider.java:300)
[        ] 	at java.base/java.nio.file.Files.copy(Files.java:1304)
[        ] 	at com.android.utils.FileUtils.copyFile(FileUtils.java:164)
[        ] 	at com.android.utils.FileUtils.copyFile(FileUtils.java:146)
[        ] 	at com.android.utils.FileUtils.copyFile(FileUtils.java:129)
[        ] 	at com.android.build.gradle.internal.tasks.StripDebugSymbolsRunnable.run(StripDebugSymbolsTask.kt:271)
[        ] 	... 35 more
[        ] BUILD FAILED in 5s
[  +39 ms] Some of the file system contents retained in the virtual file system are on file systems that Gradle doesn't support watching. The relevant state was discarded to ensure changes to these locations are properly detected. You can override this by explicitly enabling file system watching.
[  +26 ms] Running Gradle task 'assembleDebug'... (completed in 5.5s)
[  +54 ms] "flutter apk" took 6,126ms.
[  +59 ms] Gradle task assembleDebug failed with exit code 1
[        ] 
           #0      throwToolExit (package:flutter_tools/src/base/common.dart:34:3)
           #1      AndroidGradleBuilder.buildGradleApp (package:flutter_tools/src/android/gradle.dart:600:7)
           <asynchronous suspension>
           #2      AndroidGradleBuilder.buildApk (package:flutter_tools/src/android/gradle.dart:239:5)
           <asynchronous suspension>
           #3      BuildApkCommand.runCommand (package:flutter_tools/src/commands/build_apk.dart:131:5)
           <asynchronous suspension>
           #4      FlutterCommand.run.<anonymous closure> (package:flutter_tools/src/runner/flutter_command.dart:1581:27)
           <asynchronous suspension>
           #5      AppContext.run.<anonymous closure> (package:flutter_tools/src/base/context.dart:154:19)
           <asynchronous suspension>
           #6      CommandRunner.runCommand (package:args/command_runner.dart:212:13)
           <asynchronous suspension>
           #7      FlutterCommandRunner.runCommand.<anonymous closure> (package:flutter_tools/src/runner/flutter_command_runner.dart:503:9)
           <asynchronous suspension>
           #8      AppContext.run.<anonymous closure> (package:flutter_tools/src/base/context.dart:154:19)
           <asynchronous suspension>
           #9      FlutterCommandRunner.runCommand (package:flutter_tools/src/runner/flutter_command_runner.dart:438:5)
           <asynchronous suspension>
           #10     run.<anonymous closure>.<anonymous closure> (package:flutter_tools/runner.dart:98:11)
           <asynchronous suspension>
           #11     AppContext.run.<anonymous closure> (package:flutter_tools/src/base/context.dart:154:19)
           <asynchronous suspension>
           #12     main (package:flutter_tools/executable.dart:101:3)
           <asynchronous suspension>


[        ] Running 1 shutdown hook
[   +1 ms] Shutdown hooks complete
[  +19 ms] exiting with code 1
